DEBUG , 25 , 2023-08-17 09:27:07,030 , Log4J Logging started: /Users/chaeminlee/Documents/LotteBitWorkspace/bit2023/day05/target/day05-1.0-SNAPSHOT/WEB-INF/log4j.properties
DEBUG , 32 , 2023-08-17 09:27:07,585 , doFilter----/
DEBUG , 35 , 2023-08-17 09:27:07,585 , doFilter----/
DEBUG , 32 , 2023-08-17 09:27:07,588 , doFilter----/main.bit
DEBUG , 35 , 2023-08-17 09:27:07,588 , doFilter----/main.bit
DEBUG , 27 , 2023-08-17 09:27:07,588 , /main.bit
DEBUG , 29 , 2023-08-17 09:27:07,588 , main
DEBUG , 32 , 2023-08-17 09:27:08,249 , doFilter----/
DEBUG , 35 , 2023-08-17 09:27:08,250 , doFilter----/
DEBUG , 32 , 2023-08-17 09:27:08,251 , doFilter----/main.bit
DEBUG , 35 , 2023-08-17 09:27:08,251 , doFilter----/main.bit
DEBUG , 27 , 2023-08-17 09:27:08,251 , /main.bit
DEBUG , 29 , 2023-08-17 09:27:08,251 , main
DEBUG , 32 , 2023-08-17 09:27:08,303 , doFilter----/
DEBUG , 35 , 2023-08-17 09:27:08,304 , doFilter----/
DEBUG , 32 , 2023-08-17 09:27:08,306 , doFilter----/main.bit
DEBUG , 35 , 2023-08-17 09:27:08,307 , doFilter----/main.bit
DEBUG , 27 , 2023-08-17 09:27:08,307 , /main.bit
DEBUG , 29 , 2023-08-17 09:27:08,307 , main
DEBUG , 32 , 2023-08-17 09:27:08,425 , doFilter----/favicon.ico
DEBUG , 35 , 2023-08-17 09:27:08,425 , doFilter----/favicon.ico
DEBUG , 25 , 2023-08-17 09:27:14,517 , Log4J Logging started: /Users/chaeminlee/Documents/LotteBitWorkspace/bit2023/day05/target/day05-1.0-SNAPSHOT/WEB-INF/log4j.properties
DEBUG , 32 , 2023-08-17 09:27:14,584 , doFilter----/
DEBUG , 35 , 2023-08-17 09:27:14,585 , doFilter----/
DEBUG , 32 , 2023-08-17 09:27:14,587 , doFilter----/main.bit
DEBUG , 35 , 2023-08-17 09:27:14,587 , doFilter----/main.bit
DEBUG , 27 , 2023-08-17 09:27:14,588 , /main.bit
DEBUG , 29 , 2023-08-17 09:27:14,588 , main
DEBUG , 32 , 2023-08-17 09:27:15,294 , doFilter----/
DEBUG , 35 , 2023-08-17 09:27:15,294 , doFilter----/
DEBUG , 32 , 2023-08-17 09:27:15,295 , doFilter----/main.bit
DEBUG , 35 , 2023-08-17 09:27:15,295 , doFilter----/main.bit
DEBUG , 27 , 2023-08-17 09:27:15,295 , /main.bit
DEBUG , 29 , 2023-08-17 09:27:15,295 , main
DEBUG , 32 , 2023-08-17 09:27:15,339 , doFilter----/
DEBUG , 35 , 2023-08-17 09:27:15,339 , doFilter----/
DEBUG , 32 , 2023-08-17 09:27:15,343 , doFilter----/main.bit
DEBUG , 35 , 2023-08-17 09:27:15,344 , doFilter----/main.bit
DEBUG , 27 , 2023-08-17 09:27:15,344 , /main.bit
DEBUG , 29 , 2023-08-17 09:27:15,344 , main
DEBUG , 32 , 2023-08-17 09:27:22,745 , doFilter----/js.bit
DEBUG , 35 , 2023-08-17 09:27:22,746 , doFilter----/js.bit
DEBUG , 27 , 2023-08-17 09:27:22,746 , /js.bit
DEBUG , 29 , 2023-08-17 09:27:22,746 , js
DEBUG , 32 , 2023-08-17 09:27:23,930 , doFilter----/js.bit
DEBUG , 35 , 2023-08-17 09:27:23,932 , doFilter----/js.bit
DEBUG , 27 , 2023-08-17 09:27:23,933 , /js.bit
DEBUG , 29 , 2023-08-17 09:27:23,933 , js
DEBUG , 32 , 2023-08-17 09:27:24,943 , doFilter----/main.bit
DEBUG , 35 , 2023-08-17 09:27:24,944 , doFilter----/main.bit
DEBUG , 27 , 2023-08-17 09:27:24,944 , /main.bit
DEBUG , 29 , 2023-08-17 09:27:24,944 , main
DEBUG , 32 , 2023-08-17 09:27:27,047 , doFilter----/main.bit
DEBUG , 35 , 2023-08-17 09:27:27,049 , doFilter----/main.bit
DEBUG , 27 , 2023-08-17 09:27:27,050 , /main.bit
DEBUG , 29 , 2023-08-17 09:27:27,051 , main
DEBUG , 32 , 2023-08-17 09:28:53,064 , doFilter----/main.bit
DEBUG , 35 , 2023-08-17 09:28:53,066 , doFilter----/main.bit
DEBUG , 27 , 2023-08-17 09:28:53,066 , /main.bit
DEBUG , 29 , 2023-08-17 09:28:53,066 , main
DEBUG , 32 , 2023-08-17 09:30:59,803 , doFilter----/main.bit
DEBUG , 35 , 2023-08-17 09:30:59,803 , doFilter----/main.bit
DEBUG , 27 , 2023-08-17 09:30:59,803 , /main.bit
DEBUG , 29 , 2023-08-17 09:30:59,803 , main
DEBUG , 32 , 2023-08-17 09:32:53,738 , doFilter----/main.bit
DEBUG , 35 , 2023-08-17 09:32:53,738 , doFilter----/main.bit
DEBUG , 27 , 2023-08-17 09:32:53,738 , /main.bit
DEBUG , 29 , 2023-08-17 09:32:53,738 , main
DEBUG , 32 , 2023-08-17 09:33:05,671 , doFilter----/main.bit
DEBUG , 35 , 2023-08-17 09:33:05,671 , doFilter----/main.bit
DEBUG , 27 , 2023-08-17 09:33:05,671 , /main.bit
DEBUG , 29 , 2023-08-17 09:33:05,671 , main
DEBUG , 32 , 2023-08-17 09:33:42,222 , doFilter----/main.bit
DEBUG , 35 , 2023-08-17 09:33:42,223 , doFilter----/main.bit
DEBUG , 27 , 2023-08-17 09:33:42,223 , /main.bit
DEBUG , 29 , 2023-08-17 09:33:42,223 , main
DEBUG , 32 , 2023-08-17 09:33:43,607 , doFilter----/main.bit
DEBUG , 35 , 2023-08-17 09:33:43,607 , doFilter----/main.bit
DEBUG , 27 , 2023-08-17 09:33:43,608 , /main.bit
DEBUG , 29 , 2023-08-17 09:33:43,608 , main
DEBUG , 32 , 2023-08-17 09:34:35,372 , doFilter----/main.bit
DEBUG , 35 , 2023-08-17 09:34:35,373 , doFilter----/main.bit
DEBUG , 27 , 2023-08-17 09:34:35,373 , /main.bit
DEBUG , 29 , 2023-08-17 09:34:35,373 , main
DEBUG , 32 , 2023-08-17 09:34:36,999 , doFilter----/js.bit
DEBUG , 35 , 2023-08-17 09:34:37,000 , doFilter----/js.bit
DEBUG , 27 , 2023-08-17 09:34:37,001 , /js.bit
DEBUG , 29 , 2023-08-17 09:34:37,001 , js
DEBUG , 32 , 2023-08-17 09:34:37,411 , doFilter----/js.bit
DEBUG , 35 , 2023-08-17 09:34:37,411 , doFilter----/js.bit
DEBUG , 27 , 2023-08-17 09:34:37,411 , /js.bit
DEBUG , 29 , 2023-08-17 09:34:37,411 , js
DEBUG , 32 , 2023-08-17 09:34:37,870 , doFilter----/main.bit
DEBUG , 35 , 2023-08-17 09:34:37,870 , doFilter----/main.bit
DEBUG , 27 , 2023-08-17 09:34:37,870 , /main.bit
DEBUG , 29 , 2023-08-17 09:34:37,871 , main
DEBUG , 32 , 2023-08-17 09:34:38,919 , doFilter----/main.bit
DEBUG , 35 , 2023-08-17 09:34:38,920 , doFilter----/main.bit
DEBUG , 27 , 2023-08-17 09:34:38,920 , /main.bit
DEBUG , 29 , 2023-08-17 09:34:38,920 , main
DEBUG , 32 , 2023-08-17 09:34:39,657 , doFilter----/main.bit
DEBUG , 35 , 2023-08-17 09:34:39,658 , doFilter----/main.bit
DEBUG , 27 , 2023-08-17 09:34:39,658 , /main.bit
DEBUG , 29 , 2023-08-17 09:34:39,658 , main
DEBUG , 32 , 2023-08-17 09:34:40,195 , doFilter----/main.bit
DEBUG , 35 , 2023-08-17 09:34:40,195 , doFilter----/main.bit
DEBUG , 27 , 2023-08-17 09:34:40,195 , /main.bit
DEBUG , 29 , 2023-08-17 09:34:40,195 , main
DEBUG , 32 , 2023-08-17 09:34:40,687 , doFilter----/main.bit
DEBUG , 35 , 2023-08-17 09:34:40,688 , doFilter----/main.bit
DEBUG , 27 , 2023-08-17 09:34:40,688 , /main.bit
DEBUG , 29 , 2023-08-17 09:34:40,688 , main
DEBUG , 32 , 2023-08-17 09:34:41,175 , doFilter----/main.bit
DEBUG , 35 , 2023-08-17 09:34:41,176 , doFilter----/main.bit
DEBUG , 27 , 2023-08-17 09:34:41,176 , /main.bit
DEBUG , 29 , 2023-08-17 09:34:41,176 , main
DEBUG , 32 , 2023-08-17 09:41:29,054 , doFilter----/main.bit
DEBUG , 35 , 2023-08-17 09:41:29,054 , doFilter----/main.bit
DEBUG , 27 , 2023-08-17 09:41:29,054 , /main.bit
DEBUG , 29 , 2023-08-17 09:41:29,054 , main
DEBUG , 32 , 2023-08-17 09:43:07,715 , doFilter----/main.bit
DEBUG , 35 , 2023-08-17 09:43:07,716 , doFilter----/main.bit
DEBUG , 27 , 2023-08-17 09:43:07,716 , /main.bit
DEBUG , 29 , 2023-08-17 09:43:07,717 , main
DEBUG , 32 , 2023-08-17 09:44:56,540 , doFilter----/main.bit
DEBUG , 35 , 2023-08-17 09:44:56,541 , doFilter----/main.bit
DEBUG , 27 , 2023-08-17 09:44:56,541 , /main.bit
DEBUG , 29 , 2023-08-17 09:44:56,541 , main
DEBUG , 32 , 2023-08-17 09:45:28,385 , doFilter----/main.bit
DEBUG , 35 , 2023-08-17 09:45:28,386 , doFilter----/main.bit
DEBUG , 27 , 2023-08-17 09:45:28,386 , /main.bit
DEBUG , 29 , 2023-08-17 09:45:28,386 , main
DEBUG , 32 , 2023-08-17 09:45:30,082 , doFilter----/rest.bit
DEBUG , 35 , 2023-08-17 09:45:30,083 , doFilter----/rest.bit
DEBUG , 27 , 2023-08-17 09:45:30,083 , /rest.bit
DEBUG , 29 , 2023-08-17 09:45:30,083 , rest
DEBUG , 32 , 2023-08-17 09:45:30,235 , doFilter----/rest.bit
DEBUG , 35 , 2023-08-17 09:45:30,236 , doFilter----/rest.bit
DEBUG , 27 , 2023-08-17 09:45:30,236 , /rest.bit
DEBUG , 29 , 2023-08-17 09:45:30,236 , rest
DEBUG , 32 , 2023-08-17 09:45:30,255 , doFilter----/rest.bit
DEBUG , 35 , 2023-08-17 09:45:30,255 , doFilter----/rest.bit
DEBUG , 27 , 2023-08-17 09:45:30,255 , /rest.bit
DEBUG , 29 , 2023-08-17 09:45:30,255 , rest
DEBUG , 32 , 2023-08-17 09:45:30,299 , doFilter----/rest.bit
DEBUG , 35 , 2023-08-17 09:45:30,299 , doFilter----/rest.bit
DEBUG , 27 , 2023-08-17 09:45:30,299 , /rest.bit
DEBUG , 29 , 2023-08-17 09:45:30,300 , rest
DEBUG , 32 , 2023-08-17 09:45:31,827 , doFilter----/rest.bit
DEBUG , 35 , 2023-08-17 09:45:31,828 , doFilter----/rest.bit
DEBUG , 27 , 2023-08-17 09:45:31,828 , /rest.bit
DEBUG , 29 , 2023-08-17 09:45:31,828 , rest
DEBUG , 32 , 2023-08-17 09:45:31,882 , doFilter----/rest.bit
DEBUG , 35 , 2023-08-17 09:45:31,883 , doFilter----/rest.bit
DEBUG , 27 , 2023-08-17 09:45:31,884 , /rest.bit
DEBUG , 29 , 2023-08-17 09:45:31,884 , rest
DEBUG , 32 , 2023-08-17 09:55:09,886 , doFilter----/main.bit
DEBUG , 35 , 2023-08-17 09:55:09,887 , doFilter----/main.bit
DEBUG , 27 , 2023-08-17 09:55:09,887 , /main.bit
DEBUG , 29 , 2023-08-17 09:55:09,887 , main
DEBUG , 32 , 2023-08-17 09:58:17,607 , doFilter----/rest.bit
DEBUG , 35 , 2023-08-17 09:58:17,607 , doFilter----/rest.bit
DEBUG , 27 , 2023-08-17 09:58:17,607 , /rest.bit
DEBUG , 29 , 2023-08-17 09:58:17,607 , rest
DEBUG , 32 , 2023-08-17 09:58:17,685 , doFilter----/rest.bit
DEBUG , 35 , 2023-08-17 09:58:17,685 , doFilter----/rest.bit
DEBUG , 27 , 2023-08-17 09:58:17,685 , /rest.bit
DEBUG , 29 , 2023-08-17 09:58:17,685 , rest
DEBUG , 32 , 2023-08-17 09:58:17,688 , doFilter----/rest.bit
DEBUG , 35 , 2023-08-17 09:58:17,688 , doFilter----/rest.bit
DEBUG , 27 , 2023-08-17 09:58:17,688 , /rest.bit
DEBUG , 29 , 2023-08-17 09:58:17,688 , rest
DEBUG , 32 , 2023-08-17 09:58:19,874 , doFilter----/main.bit
DEBUG , 35 , 2023-08-17 09:58:19,874 , doFilter----/main.bit
DEBUG , 27 , 2023-08-17 09:58:19,874 , /main.bit
DEBUG , 29 , 2023-08-17 09:58:19,874 , main
DEBUG , 32 , 2023-08-17 09:58:22,906 , doFilter----/main.bit
DEBUG , 35 , 2023-08-17 09:58:22,909 , doFilter----/main.bit
DEBUG , 27 , 2023-08-17 09:58:22,910 , /main.bit
DEBUG , 29 , 2023-08-17 09:58:22,910 , main
DEBUG , 32 , 2023-08-17 09:58:42,388 , doFilter----/rest.bit
DEBUG , 35 , 2023-08-17 09:58:42,389 , doFilter----/rest.bit
DEBUG , 27 , 2023-08-17 09:58:42,389 , /rest.bit
DEBUG , 29 , 2023-08-17 09:58:42,389 , rest
DEBUG , 32 , 2023-08-17 09:58:42,412 , doFilter----/rest.bit
DEBUG , 35 , 2023-08-17 09:58:42,413 , doFilter----/rest.bit
DEBUG , 27 , 2023-08-17 09:58:42,413 , /rest.bit
DEBUG , 29 , 2023-08-17 09:58:42,413 , rest
DEBUG , 32 , 2023-08-17 09:58:42,490 , doFilter----/rest.bit
DEBUG , 35 , 2023-08-17 09:58:42,490 , doFilter----/rest.bit
DEBUG , 27 , 2023-08-17 09:58:42,490 , /rest.bit
DEBUG , 29 , 2023-08-17 09:58:42,491 , rest
DEBUG , 32 , 2023-08-17 09:58:42,670 , doFilter----/rest.bit
DEBUG , 35 , 2023-08-17 09:58:42,670 , doFilter----/rest.bit
DEBUG , 27 , 2023-08-17 09:58:42,670 , /rest.bit
DEBUG , 29 , 2023-08-17 09:58:42,670 , rest
DEBUG , 32 , 2023-08-17 09:58:42,808 , doFilter----/rest.bit
DEBUG , 35 , 2023-08-17 09:58:42,810 , doFilter----/rest.bit
DEBUG , 27 , 2023-08-17 09:58:42,810 , /rest.bit
DEBUG , 29 , 2023-08-17 09:58:42,810 , rest
DEBUG , 25 , 2023-08-17 09:58:52,406 , Log4J Logging started: /Users/chaeminlee/Documents/LotteBitWorkspace/bit2023/day05/target/day05-1.0-SNAPSHOT/WEB-INF/log4j.properties
DEBUG , 32 , 2023-08-17 09:58:52,975 , doFilter----/
DEBUG , 35 , 2023-08-17 09:58:52,975 , doFilter----/
DEBUG , 32 , 2023-08-17 09:58:52,979 , doFilter----/main.bit
DEBUG , 35 , 2023-08-17 09:58:52,979 , doFilter----/main.bit
DEBUG , 27 , 2023-08-17 09:58:52,979 , /main.bit
DEBUG , 29 , 2023-08-17 09:58:52,979 , main
DEBUG , 32 , 2023-08-17 09:58:53,659 , doFilter----/
DEBUG , 35 , 2023-08-17 09:58:53,659 , doFilter----/
DEBUG , 32 , 2023-08-17 09:58:53,660 , doFilter----/main.bit
DEBUG , 35 , 2023-08-17 09:58:53,660 , doFilter----/main.bit
DEBUG , 27 , 2023-08-17 09:58:53,660 , /main.bit
DEBUG , 29 , 2023-08-17 09:58:53,660 , main
DEBUG , 32 , 2023-08-17 09:58:53,701 , doFilter----/
DEBUG , 35 , 2023-08-17 09:58:53,702 , doFilter----/
DEBUG , 32 , 2023-08-17 09:58:53,704 , doFilter----/main.bit
DEBUG , 35 , 2023-08-17 09:58:53,704 , doFilter----/main.bit
DEBUG , 27 , 2023-08-17 09:58:53,705 , /main.bit
DEBUG , 29 , 2023-08-17 09:58:53,705 , main
DEBUG , 32 , 2023-08-17 09:58:58,474 , doFilter----/main.bit
DEBUG , 35 , 2023-08-17 09:58:58,477 , doFilter----/main.bit
DEBUG , 27 , 2023-08-17 09:58:58,477 , /main.bit
DEBUG , 29 , 2023-08-17 09:58:58,478 , main
DEBUG , 32 , 2023-08-17 09:58:59,886 , doFilter----/rest.bit
DEBUG , 35 , 2023-08-17 09:58:59,886 , doFilter----/rest.bit
DEBUG , 27 , 2023-08-17 09:58:59,886 , /rest.bit
DEBUG , 29 , 2023-08-17 09:58:59,886 , rest
DEBUG , 32 , 2023-08-17 09:59:09,162 , doFilter----/rest.bit
DEBUG , 35 , 2023-08-17 09:59:09,162 , doFilter----/rest.bit
DEBUG , 27 , 2023-08-17 09:59:09,162 , /rest.bit
DEBUG , 29 , 2023-08-17 09:59:09,162 , rest
DEBUG , 32 , 2023-08-17 09:59:10,232 , doFilter----/rest.bit
DEBUG , 35 , 2023-08-17 09:59:10,232 , doFilter----/rest.bit
DEBUG , 27 , 2023-08-17 09:59:10,232 , /rest.bit
DEBUG , 29 , 2023-08-17 09:59:10,232 , rest
DEBUG , 32 , 2023-08-17 10:00:07,086 , doFilter----/main.bit
DEBUG , 35 , 2023-08-17 10:00:07,087 , doFilter----/main.bit
DEBUG , 27 , 2023-08-17 10:00:07,087 , /main.bit
DEBUG , 29 , 2023-08-17 10:00:07,087 , main
DEBUG , 32 , 2023-08-17 10:00:47,696 , doFilter----/main.bit
DEBUG , 35 , 2023-08-17 10:00:47,696 , doFilter----/main.bit
DEBUG , 27 , 2023-08-17 10:00:47,697 , /main.bit
DEBUG , 29 , 2023-08-17 10:00:47,697 , main
DEBUG , 32 , 2023-08-17 10:01:00,801 , doFilter----/rest.bit
DEBUG , 35 , 2023-08-17 10:01:00,802 , doFilter----/rest.bit
DEBUG , 27 , 2023-08-17 10:01:00,802 , /rest.bit
DEBUG , 29 , 2023-08-17 10:01:00,802 , rest
DEBUG , 32 , 2023-08-17 10:01:15,849 , doFilter----/rest.bit
DEBUG , 35 , 2023-08-17 10:01:15,849 , doFilter----/rest.bit
DEBUG , 27 , 2023-08-17 10:01:15,849 , /rest.bit
DEBUG , 29 , 2023-08-17 10:01:15,849 , rest
DEBUG , 32 , 2023-08-17 10:01:20,130 , doFilter----/rest.bit
DEBUG , 35 , 2023-08-17 10:01:20,130 , doFilter----/rest.bit
DEBUG , 27 , 2023-08-17 10:01:20,130 , /rest.bit
DEBUG , 29 , 2023-08-17 10:01:20,131 , rest
DEBUG , 32 , 2023-08-17 10:04:11,283 , doFilter----/rest.bit
DEBUG , 35 , 2023-08-17 10:04:11,283 , doFilter----/rest.bit
DEBUG , 27 , 2023-08-17 10:04:11,284 , /rest.bit
DEBUG , 29 , 2023-08-17 10:04:11,284 , rest
DEBUG , 32 , 2023-08-17 10:04:19,126 , doFilter----/rest.bit
DEBUG , 35 , 2023-08-17 10:04:19,126 , doFilter----/rest.bit
DEBUG , 27 , 2023-08-17 10:04:19,126 , /rest.bit
DEBUG , 29 , 2023-08-17 10:04:19,126 , rest
DEBUG , 32 , 2023-08-17 10:04:38,990 , doFilter----/rest.bit
DEBUG , 35 , 2023-08-17 10:04:38,990 , doFilter----/rest.bit
DEBUG , 27 , 2023-08-17 10:04:38,990 , /rest.bit
DEBUG , 29 , 2023-08-17 10:04:38,991 , rest
DEBUG , 32 , 2023-08-17 10:04:52,891 , doFilter----/rest.bit
DEBUG , 35 , 2023-08-17 10:04:52,891 , doFilter----/rest.bit
DEBUG , 27 , 2023-08-17 10:04:52,891 , /rest.bit
DEBUG , 29 , 2023-08-17 10:04:52,891 , rest
DEBUG , 32 , 2023-08-17 10:05:06,307 , doFilter----/rest.bit
DEBUG , 35 , 2023-08-17 10:05:06,308 , doFilter----/rest.bit
DEBUG , 27 , 2023-08-17 10:05:06,308 , /rest.bit
DEBUG , 29 , 2023-08-17 10:05:06,308 , rest
DEBUG , 32 , 2023-08-17 10:07:20,184 , doFilter----/rest.bit
DEBUG , 35 , 2023-08-17 10:07:20,184 , doFilter----/rest.bit
DEBUG , 27 , 2023-08-17 10:07:20,184 , /rest.bit
DEBUG , 29 , 2023-08-17 10:07:20,184 , rest
DEBUG , 32 , 2023-08-17 10:07:39,967 , doFilter----/main.bit
DEBUG , 35 , 2023-08-17 10:07:39,968 , doFilter----/main.bit
DEBUG , 27 , 2023-08-17 10:07:39,968 , /main.bit
DEBUG , 29 , 2023-08-17 10:07:39,968 , main
DEBUG , 32 , 2023-08-17 10:09:16,266 , doFilter----/main.bit
DEBUG , 35 , 2023-08-17 10:09:16,266 , doFilter----/main.bit
DEBUG , 27 , 2023-08-17 10:09:16,267 , /main.bit
DEBUG , 29 , 2023-08-17 10:09:16,268 , main
DEBUG , 32 , 2023-08-17 10:09:22,052 , doFilter----/rest.bit
DEBUG , 35 , 2023-08-17 10:09:22,053 , doFilter----/rest.bit
DEBUG , 27 , 2023-08-17 10:09:22,053 , /rest.bit
DEBUG , 29 , 2023-08-17 10:09:22,054 , rest
DEBUG , 32 , 2023-08-17 10:09:43,732 , doFilter----/main.bit
DEBUG , 35 , 2023-08-17 10:09:43,733 , doFilter----/main.bit
DEBUG , 27 , 2023-08-17 10:09:43,733 , /main.bit
DEBUG , 29 , 2023-08-17 10:09:43,733 , main
DEBUG , 32 , 2023-08-17 10:09:45,316 , doFilter----/rest.bit
DEBUG , 35 , 2023-08-17 10:09:45,317 , doFilter----/rest.bit
DEBUG , 27 , 2023-08-17 10:09:45,317 , /rest.bit
DEBUG , 29 , 2023-08-17 10:09:45,317 , rest
DEBUG , 32 , 2023-08-17 10:09:51,078 , doFilter----/main.bit
DEBUG , 35 , 2023-08-17 10:09:51,079 , doFilter----/main.bit
DEBUG , 27 , 2023-08-17 10:09:51,079 , /main.bit
DEBUG , 29 , 2023-08-17 10:09:51,079 , main
DEBUG , 32 , 2023-08-17 10:10:05,260 , doFilter----/main.bit
DEBUG , 35 , 2023-08-17 10:10:05,261 , doFilter----/main.bit
DEBUG , 27 , 2023-08-17 10:10:05,261 , /main.bit
DEBUG , 29 , 2023-08-17 10:10:05,261 , main
DEBUG , 32 , 2023-08-17 10:10:37,998 , doFilter----/js.bit
DEBUG , 35 , 2023-08-17 10:10:37,999 , doFilter----/js.bit
DEBUG , 27 , 2023-08-17 10:10:37,999 , /js.bit
DEBUG , 29 , 2023-08-17 10:10:37,999 , js
DEBUG , 32 , 2023-08-17 10:10:38,823 , doFilter----/js.bit
DEBUG , 35 , 2023-08-17 10:10:38,824 , doFilter----/js.bit
DEBUG , 27 , 2023-08-17 10:10:38,825 , /js.bit
DEBUG , 29 , 2023-08-17 10:10:38,825 , js
DEBUG , 32 , 2023-08-17 10:10:40,704 , doFilter----/js.bit
DEBUG , 35 , 2023-08-17 10:10:40,705 , doFilter----/js.bit
DEBUG , 27 , 2023-08-17 10:10:40,705 , /js.bit
DEBUG , 29 , 2023-08-17 10:10:40,705 , js
DEBUG , 32 , 2023-08-17 10:10:41,558 , doFilter----/js.bit
DEBUG , 35 , 2023-08-17 10:10:41,559 , doFilter----/js.bit
DEBUG , 27 , 2023-08-17 10:10:41,559 , /js.bit
DEBUG , 29 , 2023-08-17 10:10:41,560 , js
DEBUG , 32 , 2023-08-17 10:11:44,077 , doFilter----/js.bit
DEBUG , 35 , 2023-08-17 10:11:44,078 , doFilter----/js.bit
DEBUG , 27 , 2023-08-17 10:11:44,078 , /js.bit
DEBUG , 29 , 2023-08-17 10:11:44,078 , js
DEBUG , 32 , 2023-08-17 10:11:45,176 , doFilter----/map.bit
DEBUG , 35 , 2023-08-17 10:11:45,179 , doFilter----/map.bit
DEBUG , 27 , 2023-08-17 10:11:45,179 , /map.bit
DEBUG , 29 , 2023-08-17 10:11:45,181 , map
DEBUG , 32 , 2023-08-17 10:11:46,907 , doFilter----/chart.bit
DEBUG , 35 , 2023-08-17 10:11:46,908 , doFilter----/chart.bit
DEBUG , 27 , 2023-08-17 10:11:46,909 , /chart.bit
DEBUG , 29 , 2023-08-17 10:11:46,909 , chart
DEBUG , 32 , 2023-08-17 10:11:47,986 , doFilter----/js.bit
DEBUG , 35 , 2023-08-17 10:11:47,987 , doFilter----/js.bit
DEBUG , 27 , 2023-08-17 10:11:47,987 , /js.bit
DEBUG , 29 , 2023-08-17 10:11:47,987 , js
DEBUG , 32 , 2023-08-17 10:11:48,441 , doFilter----/js.bit
DEBUG , 35 , 2023-08-17 10:11:48,441 , doFilter----/js.bit
DEBUG , 27 , 2023-08-17 10:11:48,441 , /js.bit
DEBUG , 29 , 2023-08-17 10:11:48,442 , js
DEBUG , 32 , 2023-08-17 10:11:48,882 , doFilter----/js.bit
DEBUG , 35 , 2023-08-17 10:11:48,882 , doFilter----/js.bit
DEBUG , 27 , 2023-08-17 10:11:48,883 , /js.bit
DEBUG , 29 , 2023-08-17 10:11:48,883 , js
DEBUG , 32 , 2023-08-17 10:12:27,297 , doFilter----/js.bit
DEBUG , 35 , 2023-08-17 10:12:27,298 , doFilter----/js.bit
DEBUG , 27 , 2023-08-17 10:12:27,298 , /js.bit
DEBUG , 29 , 2023-08-17 10:12:27,298 , js
DEBUG , 32 , 2023-08-17 10:12:28,423 , doFilter----/js.bit
DEBUG , 35 , 2023-08-17 10:12:28,423 , doFilter----/js.bit
DEBUG , 27 , 2023-08-17 10:12:28,423 , /js.bit
DEBUG , 29 , 2023-08-17 10:12:28,423 , js
DEBUG , 32 , 2023-08-17 10:12:28,864 , doFilter----/js.bit
DEBUG , 35 , 2023-08-17 10:12:28,865 , doFilter----/js.bit
DEBUG , 27 , 2023-08-17 10:12:28,865 , /js.bit
DEBUG , 29 , 2023-08-17 10:12:28,865 , js
DEBUG , 32 , 2023-08-17 10:12:29,377 , doFilter----/main.bit
DEBUG , 35 , 2023-08-17 10:12:29,377 , doFilter----/main.bit
DEBUG , 27 , 2023-08-17 10:12:29,378 , /main.bit
DEBUG , 29 , 2023-08-17 10:12:29,378 , main
DEBUG , 32 , 2023-08-17 10:12:30,083 , doFilter----/main.bit
DEBUG , 35 , 2023-08-17 10:12:30,083 , doFilter----/main.bit
DEBUG , 27 , 2023-08-17 10:12:30,083 , /main.bit
DEBUG , 29 , 2023-08-17 10:12:30,083 , main
DEBUG , 32 , 2023-08-17 10:12:30,643 , doFilter----/main.bit
DEBUG , 35 , 2023-08-17 10:12:30,644 , doFilter----/main.bit
DEBUG , 27 , 2023-08-17 10:12:30,644 , /main.bit
DEBUG , 29 , 2023-08-17 10:12:30,644 , main
DEBUG , 32 , 2023-08-17 10:12:31,105 , doFilter----/js.bit
DEBUG , 35 , 2023-08-17 10:12:31,105 , doFilter----/js.bit
DEBUG , 27 , 2023-08-17 10:12:31,105 , /js.bit
DEBUG , 29 , 2023-08-17 10:12:31,106 , js
DEBUG , 32 , 2023-08-17 10:12:31,413 , doFilter----/main.bit
DEBUG , 35 , 2023-08-17 10:12:31,414 , doFilter----/main.bit
DEBUG , 27 , 2023-08-17 10:12:31,414 , /main.bit
DEBUG , 29 , 2023-08-17 10:12:31,414 , main
DEBUG , 32 , 2023-08-17 10:12:31,824 , doFilter----/main.bit
DEBUG , 35 , 2023-08-17 10:12:31,824 , doFilter----/main.bit
DEBUG , 27 , 2023-08-17 10:12:31,824 , /main.bit
DEBUG , 29 , 2023-08-17 10:12:31,824 , main
DEBUG , 32 , 2023-08-17 10:12:32,373 , doFilter----/js.bit
DEBUG , 35 , 2023-08-17 10:12:32,373 , doFilter----/js.bit
DEBUG , 27 , 2023-08-17 10:12:32,373 , /js.bit
DEBUG , 29 , 2023-08-17 10:12:32,373 , js
DEBUG , 32 , 2023-08-17 10:12:32,858 , doFilter----/js.bit
DEBUG , 35 , 2023-08-17 10:12:32,862 , doFilter----/js.bit
DEBUG , 27 , 2023-08-17 10:12:32,863 , /js.bit
DEBUG , 29 , 2023-08-17 10:12:32,863 , js
DEBUG , 32 , 2023-08-17 10:12:33,291 , doFilter----/js.bit
DEBUG , 35 , 2023-08-17 10:12:33,292 , doFilter----/js.bit
DEBUG , 27 , 2023-08-17 10:12:33,292 , /js.bit
DEBUG , 29 , 2023-08-17 10:12:33,296 , js
DEBUG , 32 , 2023-08-17 10:12:33,596 , doFilter----/js.bit
DEBUG , 35 , 2023-08-17 10:12:33,596 , doFilter----/js.bit
DEBUG , 27 , 2023-08-17 10:12:33,596 , /js.bit
DEBUG , 29 , 2023-08-17 10:12:33,596 , js
DEBUG , 32 , 2023-08-17 10:12:34,005 , doFilter----/main.bit
DEBUG , 35 , 2023-08-17 10:12:34,007 , doFilter----/main.bit
DEBUG , 27 , 2023-08-17 10:12:34,007 , /main.bit
DEBUG , 29 , 2023-08-17 10:12:34,007 , main
DEBUG , 32 , 2023-08-17 10:12:34,324 , doFilter----/main.bit
DEBUG , 35 , 2023-08-17 10:12:34,326 , doFilter----/main.bit
DEBUG , 27 , 2023-08-17 10:12:34,327 , /main.bit
DEBUG , 29 , 2023-08-17 10:12:34,327 , main
DEBUG , 32 , 2023-08-17 10:12:34,704 , doFilter----/main.bit
DEBUG , 35 , 2023-08-17 10:12:34,705 , doFilter----/main.bit
DEBUG , 27 , 2023-08-17 10:12:34,705 , /main.bit
DEBUG , 29 , 2023-08-17 10:12:34,706 , main
DEBUG , 32 , 2023-08-17 10:12:35,139 , doFilter----/js.bit
DEBUG , 35 , 2023-08-17 10:12:35,140 , doFilter----/js.bit
DEBUG , 27 , 2023-08-17 10:12:35,140 , /js.bit
DEBUG , 29 , 2023-08-17 10:12:35,140 , js
DEBUG , 32 , 2023-08-17 10:12:35,665 , doFilter----/js.bit
DEBUG , 35 , 2023-08-17 10:12:35,665 , doFilter----/js.bit
DEBUG , 27 , 2023-08-17 10:12:35,665 , /js.bit
DEBUG , 29 , 2023-08-17 10:12:35,665 , js
DEBUG , 32 , 2023-08-17 10:14:11,427 , doFilter----/js.bit
DEBUG , 35 , 2023-08-17 10:14:11,428 , doFilter----/js.bit
DEBUG , 27 , 2023-08-17 10:14:11,428 , /js.bit
DEBUG , 29 , 2023-08-17 10:14:11,428 , js
DEBUG , 32 , 2023-08-17 10:14:12,508 , doFilter----/main.bit
DEBUG , 35 , 2023-08-17 10:14:12,509 , doFilter----/main.bit
DEBUG , 27 , 2023-08-17 10:14:12,509 , /main.bit
DEBUG , 29 , 2023-08-17 10:14:12,509 , main
DEBUG , 32 , 2023-08-17 10:14:14,222 , doFilter----/main.bit
DEBUG , 35 , 2023-08-17 10:14:14,223 , doFilter----/main.bit
DEBUG , 27 , 2023-08-17 10:14:14,223 , /main.bit
DEBUG , 29 , 2023-08-17 10:14:14,223 , main
DEBUG , 32 , 2023-08-17 10:14:15,535 , doFilter----/js.bit
DEBUG , 35 , 2023-08-17 10:14:15,537 , doFilter----/js.bit
DEBUG , 27 , 2023-08-17 10:14:15,537 , /js.bit
DEBUG , 29 , 2023-08-17 10:14:15,537 , js
DEBUG , 32 , 2023-08-17 10:14:15,971 , doFilter----/js.bit
DEBUG , 35 , 2023-08-17 10:14:15,972 , doFilter----/js.bit
DEBUG , 27 , 2023-08-17 10:14:15,972 , /js.bit
DEBUG , 29 , 2023-08-17 10:14:15,973 , js
DEBUG , 32 , 2023-08-17 10:14:18,371 , doFilter----/main.bit
DEBUG , 35 , 2023-08-17 10:14:18,372 , doFilter----/main.bit
DEBUG , 27 , 2023-08-17 10:14:18,372 , /main.bit
DEBUG , 29 , 2023-08-17 10:14:18,372 , main
DEBUG , 32 , 2023-08-17 10:15:32,768 , doFilter----/js.bit
DEBUG , 35 , 2023-08-17 10:15:32,769 , doFilter----/js.bit
DEBUG , 27 , 2023-08-17 10:15:32,769 , /js.bit
DEBUG , 29 , 2023-08-17 10:15:32,769 , js
DEBUG , 32 , 2023-08-17 10:15:33,834 , doFilter----/main.bit
DEBUG , 35 , 2023-08-17 10:15:33,835 , doFilter----/main.bit
DEBUG , 27 , 2023-08-17 10:15:33,835 , /main.bit
DEBUG , 29 , 2023-08-17 10:15:33,835 , main
DEBUG , 32 , 2023-08-17 10:15:34,396 , doFilter----/main.bit
DEBUG , 35 , 2023-08-17 10:15:34,396 , doFilter----/main.bit
DEBUG , 27 , 2023-08-17 10:15:34,396 , /main.bit
DEBUG , 29 , 2023-08-17 10:15:34,397 , main
DEBUG , 32 , 2023-08-17 10:15:34,815 , doFilter----/main.bit
DEBUG , 35 , 2023-08-17 10:15:34,815 , doFilter----/main.bit
DEBUG , 27 , 2023-08-17 10:15:34,815 , /main.bit
DEBUG , 29 , 2023-08-17 10:15:34,815 , main
DEBUG , 32 , 2023-08-17 10:15:35,128 , doFilter----/main.bit
DEBUG , 35 , 2023-08-17 10:15:35,129 , doFilter----/main.bit
DEBUG , 27 , 2023-08-17 10:15:35,129 , /main.bit
DEBUG , 29 , 2023-08-17 10:15:35,129 , main
DEBUG , 32 , 2023-08-17 10:15:35,469 , doFilter----/js.bit
DEBUG , 35 , 2023-08-17 10:15:35,470 , doFilter----/js.bit
DEBUG , 27 , 2023-08-17 10:15:35,470 , /js.bit
DEBUG , 29 , 2023-08-17 10:15:35,470 , js
DEBUG , 32 , 2023-08-17 10:15:36,107 , doFilter----/js.bit
DEBUG , 35 , 2023-08-17 10:15:36,108 , doFilter----/js.bit
DEBUG , 27 , 2023-08-17 10:15:36,108 , /js.bit
DEBUG , 29 , 2023-08-17 10:15:36,108 , js
DEBUG , 32 , 2023-08-17 10:15:36,377 , doFilter----/main.bit
DEBUG , 35 , 2023-08-17 10:15:36,378 , doFilter----/main.bit
DEBUG , 27 , 2023-08-17 10:15:36,378 , /main.bit
DEBUG , 29 , 2023-08-17 10:15:36,378 , main
DEBUG , 32 , 2023-08-17 10:15:36,787 , doFilter----/main.bit
DEBUG , 35 , 2023-08-17 10:15:36,787 , doFilter----/main.bit
DEBUG , 27 , 2023-08-17 10:15:36,789 , /main.bit
DEBUG , 29 , 2023-08-17 10:15:36,789 , main
DEBUG , 32 , 2023-08-17 10:21:19,146 , doFilter----/main.bit
DEBUG , 35 , 2023-08-17 10:21:19,149 , doFilter----/main.bit
DEBUG , 27 , 2023-08-17 10:21:19,149 , /main.bit
DEBUG , 29 , 2023-08-17 10:21:19,149 , main
DEBUG , 32 , 2023-08-17 10:21:19,825 , doFilter----/main.bit
DEBUG , 35 , 2023-08-17 10:21:19,825 , doFilter----/main.bit
DEBUG , 27 , 2023-08-17 10:21:19,825 , /main.bit
DEBUG , 29 , 2023-08-17 10:21:19,825 , main
DEBUG , 32 , 2023-08-17 10:21:39,904 , doFilter----/main.bit
DEBUG , 35 , 2023-08-17 10:21:39,905 , doFilter----/main.bit
DEBUG , 27 , 2023-08-17 10:21:39,905 , /main.bit
DEBUG , 29 , 2023-08-17 10:21:39,905 , main
DEBUG , 32 , 2023-08-17 10:22:04,479 , doFilter----/main.bit
DEBUG , 35 , 2023-08-17 10:22:04,480 , doFilter----/main.bit
DEBUG , 27 , 2023-08-17 10:22:04,480 , /main.bit
DEBUG , 29 , 2023-08-17 10:22:04,480 , main
DEBUG , 32 , 2023-08-17 10:22:38,890 , doFilter----/main.bit
DEBUG , 35 , 2023-08-17 10:22:38,891 , doFilter----/main.bit
DEBUG , 27 , 2023-08-17 10:22:38,891 , /main.bit
DEBUG , 29 , 2023-08-17 10:22:38,891 , main
DEBUG , 32 , 2023-08-17 10:22:39,849 , doFilter----/main.bit
DEBUG , 35 , 2023-08-17 10:22:39,850 , doFilter----/main.bit
DEBUG , 27 , 2023-08-17 10:22:39,850 , /main.bit
DEBUG , 29 , 2023-08-17 10:22:39,850 , main
DEBUG , 32 , 2023-08-17 10:24:20,864 , doFilter----/main.bit
DEBUG , 35 , 2023-08-17 10:24:20,865 , doFilter----/main.bit
DEBUG , 27 , 2023-08-17 10:24:20,865 , /main.bit
DEBUG , 29 , 2023-08-17 10:24:20,865 , main
DEBUG , 32 , 2023-08-17 10:25:00,468 , doFilter----/main.bit
DEBUG , 35 , 2023-08-17 10:25:00,468 , doFilter----/main.bit
DEBUG , 27 , 2023-08-17 10:25:00,468 , /main.bit
DEBUG , 29 , 2023-08-17 10:25:00,468 , main
DEBUG , 32 , 2023-08-17 10:26:55,897 , doFilter----/main.bit
DEBUG , 35 , 2023-08-17 10:26:55,899 , doFilter----/main.bit
DEBUG , 27 , 2023-08-17 10:26:55,899 , /main.bit
DEBUG , 29 , 2023-08-17 10:26:55,899 , main
DEBUG , 32 , 2023-08-17 10:27:11,186 , doFilter----/main.bit
DEBUG , 35 , 2023-08-17 10:27:11,187 , doFilter----/main.bit
DEBUG , 27 , 2023-08-17 10:27:11,187 , /main.bit
DEBUG , 29 , 2023-08-17 10:27:11,187 , main
DEBUG , 32 , 2023-08-17 10:28:56,959 , doFilter----/main.bit
DEBUG , 35 , 2023-08-17 10:28:56,960 , doFilter----/main.bit
DEBUG , 27 , 2023-08-17 10:28:56,960 , /main.bit
DEBUG , 29 , 2023-08-17 10:28:56,960 , main
DEBUG , 32 , 2023-08-17 10:28:57,762 , doFilter----/main.bit
DEBUG , 35 , 2023-08-17 10:28:57,762 , doFilter----/main.bit
DEBUG , 27 , 2023-08-17 10:28:57,762 , /main.bit
DEBUG , 29 , 2023-08-17 10:28:57,762 , main
DEBUG , 32 , 2023-08-17 10:28:58,153 , doFilter----/main.bit
DEBUG , 35 , 2023-08-17 10:28:58,154 , doFilter----/main.bit
DEBUG , 27 , 2023-08-17 10:28:58,156 , /main.bit
DEBUG , 29 , 2023-08-17 10:28:58,156 , main
DEBUG , 32 , 2023-08-17 10:29:06,659 , doFilter----/main.bit
DEBUG , 35 , 2023-08-17 10:29:06,661 , doFilter----/main.bit
DEBUG , 27 , 2023-08-17 10:29:06,661 , /main.bit
DEBUG , 29 , 2023-08-17 10:29:06,662 , main
DEBUG , 32 , 2023-08-17 10:30:17,795 , doFilter----/main.bit
DEBUG , 35 , 2023-08-17 10:30:17,795 , doFilter----/main.bit
DEBUG , 27 , 2023-08-17 10:30:17,796 , /main.bit
DEBUG , 29 , 2023-08-17 10:30:17,796 , main
DEBUG , 32 , 2023-08-17 10:30:18,402 , doFilter----/main.bit
DEBUG , 35 , 2023-08-17 10:30:18,402 , doFilter----/main.bit
DEBUG , 27 , 2023-08-17 10:30:18,402 , /main.bit
DEBUG , 29 , 2023-08-17 10:30:18,402 , main
DEBUG , 32 , 2023-08-17 10:30:21,461 , doFilter----/main.bit
DEBUG , 35 , 2023-08-17 10:30:21,461 , doFilter----/main.bit
DEBUG , 27 , 2023-08-17 10:30:21,461 , /main.bit
DEBUG , 29 , 2023-08-17 10:30:21,462 , main
DEBUG , 32 , 2023-08-17 10:35:06,062 , doFilter----/main.bit
DEBUG , 35 , 2023-08-17 10:35:06,065 , doFilter----/main.bit
DEBUG , 27 , 2023-08-17 10:35:06,065 , /main.bit
DEBUG , 29 , 2023-08-17 10:35:06,065 , main
DEBUG , 32 , 2023-08-17 10:35:06,908 , doFilter----/main.bit
DEBUG , 35 , 2023-08-17 10:35:06,909 , doFilter----/main.bit
DEBUG , 27 , 2023-08-17 10:35:06,909 , /main.bit
DEBUG , 29 , 2023-08-17 10:35:06,909 , main
DEBUG , 32 , 2023-08-17 10:35:11,655 , doFilter----/main.bit
DEBUG , 35 , 2023-08-17 10:35:11,656 , doFilter----/main.bit
DEBUG , 27 , 2023-08-17 10:35:11,656 , /main.bit
DEBUG , 29 , 2023-08-17 10:35:11,656 , main
DEBUG , 32 , 2023-08-17 10:35:15,645 , doFilter----/main.bit
DEBUG , 35 , 2023-08-17 10:35:15,647 , doFilter----/main.bit
DEBUG , 27 , 2023-08-17 10:35:15,647 , /main.bit
DEBUG , 29 , 2023-08-17 10:35:15,648 , main
DEBUG , 32 , 2023-08-17 10:35:42,359 , doFilter----/main.bit
DEBUG , 35 , 2023-08-17 10:35:42,360 , doFilter----/main.bit
DEBUG , 27 , 2023-08-17 10:35:42,360 , /main.bit
DEBUG , 29 , 2023-08-17 10:35:42,360 , main
DEBUG , 32 , 2023-08-17 10:35:52,424 , doFilter----/main.bit
DEBUG , 35 , 2023-08-17 10:35:52,430 , doFilter----/main.bit
DEBUG , 27 , 2023-08-17 10:35:52,431 , /main.bit
DEBUG , 29 , 2023-08-17 10:35:52,431 , main
DEBUG , 32 , 2023-08-17 10:39:19,841 , doFilter----/main.bit
DEBUG , 35 , 2023-08-17 10:39:19,842 , doFilter----/main.bit
DEBUG , 27 , 2023-08-17 10:39:19,842 , /main.bit
DEBUG , 29 , 2023-08-17 10:39:19,842 , main
DEBUG , 32 , 2023-08-17 10:39:19,997 , doFilter----/rest.bit
DEBUG , 35 , 2023-08-17 10:39:19,997 , doFilter----/rest.bit
DEBUG , 27 , 2023-08-17 10:39:19,998 , /rest.bit
DEBUG , 29 , 2023-08-17 10:39:19,999 , rest
DEBUG , 32 , 2023-08-17 10:39:34,298 , doFilter----/main.bit
DEBUG , 35 , 2023-08-17 10:39:34,298 , doFilter----/main.bit
DEBUG , 27 , 2023-08-17 10:39:34,298 , /main.bit
DEBUG , 29 , 2023-08-17 10:39:34,298 , main
DEBUG , 32 , 2023-08-17 10:39:34,782 , doFilter----/main.bit
DEBUG , 35 , 2023-08-17 10:39:34,782 , doFilter----/main.bit
DEBUG , 27 , 2023-08-17 10:39:34,782 , /main.bit
DEBUG , 29 , 2023-08-17 10:39:34,782 , main
DEBUG , 32 , 2023-08-17 10:39:34,886 , doFilter----/rest.bit
DEBUG , 35 , 2023-08-17 10:39:34,895 , doFilter----/rest.bit
DEBUG , 27 , 2023-08-17 10:39:34,896 , /rest.bit
DEBUG , 29 , 2023-08-17 10:39:34,896 , rest
DEBUG , 25 , 2023-08-17 10:40:17,447 , Log4J Logging started: /Users/chaeminlee/Documents/LotteBitWorkspace/bit2023/day05/target/day05-1.0-SNAPSHOT/WEB-INF/log4j.properties
DEBUG , 32 , 2023-08-17 10:40:18,036 , doFilter----/
DEBUG , 35 , 2023-08-17 10:40:18,037 , doFilter----/
DEBUG , 32 , 2023-08-17 10:40:18,040 , doFilter----/main.bit
DEBUG , 35 , 2023-08-17 10:40:18,041 , doFilter----/main.bit
DEBUG , 27 , 2023-08-17 10:40:18,041 , /main.bit
DEBUG , 29 , 2023-08-17 10:40:18,041 , main
DEBUG , 32 , 2023-08-17 10:40:18,722 , doFilter----/
DEBUG , 35 , 2023-08-17 10:40:18,722 , doFilter----/
DEBUG , 32 , 2023-08-17 10:40:18,723 , doFilter----/main.bit
DEBUG , 35 , 2023-08-17 10:40:18,723 , doFilter----/main.bit
DEBUG , 27 , 2023-08-17 10:40:18,723 , /main.bit
DEBUG , 29 , 2023-08-17 10:40:18,723 , main
DEBUG , 32 , 2023-08-17 10:40:18,750 , doFilter----/
DEBUG , 35 , 2023-08-17 10:40:18,750 , doFilter----/
DEBUG , 32 , 2023-08-17 10:40:18,752 , doFilter----/main.bit
DEBUG , 35 , 2023-08-17 10:40:18,752 , doFilter----/main.bit
DEBUG , 27 , 2023-08-17 10:40:18,752 , /main.bit
DEBUG , 29 , 2023-08-17 10:40:18,752 , main
DEBUG , 32 , 2023-08-17 10:40:22,157 , doFilter----/main.bit
DEBUG , 35 , 2023-08-17 10:40:22,158 , doFilter----/main.bit
DEBUG , 27 , 2023-08-17 10:40:22,158 , /main.bit
DEBUG , 29 , 2023-08-17 10:40:22,158 , main
DEBUG , 32 , 2023-08-17 10:40:40,816 , doFilter----/main.bit
DEBUG , 35 , 2023-08-17 10:40:40,817 , doFilter----/main.bit
DEBUG , 27 , 2023-08-17 10:40:40,817 , /main.bit
DEBUG , 29 , 2023-08-17 10:40:40,820 , main
DEBUG , 32 , 2023-08-17 10:40:41,327 , doFilter----/favicon.ico
DEBUG , 35 , 2023-08-17 10:40:41,327 , doFilter----/favicon.ico
DEBUG , 32 , 2023-08-17 10:40:44,491 , doFilter----/main.bit
DEBUG , 35 , 2023-08-17 10:40:44,491 , doFilter----/main.bit
DEBUG , 27 , 2023-08-17 10:40:44,491 , /main.bit
DEBUG , 29 , 2023-08-17 10:40:44,492 , main
DEBUG , 32 , 2023-08-17 10:40:44,740 , doFilter----/rest.bit
DEBUG , 35 , 2023-08-17 10:40:44,740 , doFilter----/rest.bit
DEBUG , 27 , 2023-08-17 10:40:44,740 , /rest.bit
DEBUG , 29 , 2023-08-17 10:40:44,740 , rest
DEBUG , 32 , 2023-08-17 10:40:45,388 , doFilter----/main.bit
DEBUG , 35 , 2023-08-17 10:40:45,389 , doFilter----/main.bit
DEBUG , 27 , 2023-08-17 10:40:45,389 , /main.bit
DEBUG , 29 , 2023-08-17 10:40:45,389 , main
DEBUG , 32 , 2023-08-17 10:42:32,941 , doFilter----/main.bit
DEBUG , 35 , 2023-08-17 10:42:32,943 , doFilter----/main.bit
DEBUG , 27 , 2023-08-17 10:42:32,944 , /main.bit
DEBUG , 29 , 2023-08-17 10:42:32,944 , main
DEBUG , 32 , 2023-08-17 10:42:33,068 , doFilter----/rest.bit
DEBUG , 35 , 2023-08-17 10:42:33,068 , doFilter----/rest.bit
DEBUG , 27 , 2023-08-17 10:42:33,069 , /rest.bit
DEBUG , 29 , 2023-08-17 10:42:33,069 , rest
DEBUG , 32 , 2023-08-17 10:42:33,622 , doFilter----/main.bit
DEBUG , 35 , 2023-08-17 10:42:33,622 , doFilter----/main.bit
DEBUG , 27 , 2023-08-17 10:42:33,623 , /main.bit
DEBUG , 29 , 2023-08-17 10:42:33,623 , main
DEBUG , 32 , 2023-08-17 10:42:34,823 , doFilter----/main.bit
DEBUG , 35 , 2023-08-17 10:42:34,823 , doFilter----/main.bit
DEBUG , 27 , 2023-08-17 10:42:34,824 , /main.bit
DEBUG , 29 , 2023-08-17 10:42:34,824 , main
DEBUG , 32 , 2023-08-17 10:42:35,016 , doFilter----/rest.bit
DEBUG , 35 , 2023-08-17 10:42:35,017 , doFilter----/rest.bit
DEBUG , 27 , 2023-08-17 10:42:35,017 , /rest.bit
DEBUG , 29 , 2023-08-17 10:42:35,018 , rest
DEBUG , 32 , 2023-08-17 10:42:35,934 , doFilter----/main.bit
DEBUG , 35 , 2023-08-17 10:42:35,935 , doFilter----/main.bit
DEBUG , 27 , 2023-08-17 10:42:35,935 , /main.bit
DEBUG , 29 , 2023-08-17 10:42:35,935 , main
DEBUG , 32 , 2023-08-17 10:42:36,887 , doFilter----/js.bit
DEBUG , 35 , 2023-08-17 10:42:36,887 , doFilter----/js.bit
DEBUG , 27 , 2023-08-17 10:42:36,887 , /js.bit
DEBUG , 29 , 2023-08-17 10:42:36,887 , js
DEBUG , 32 , 2023-08-17 10:42:37,434 , doFilter----/main.bit
DEBUG , 35 , 2023-08-17 10:42:37,434 , doFilter----/main.bit
DEBUG , 27 , 2023-08-17 10:42:37,435 , /main.bit
DEBUG , 29 , 2023-08-17 10:42:37,435 , main
DEBUG , 32 , 2023-08-17 10:42:37,926 , doFilter----/main.bit
DEBUG , 35 , 2023-08-17 10:42:37,927 , doFilter----/main.bit
DEBUG , 27 , 2023-08-17 10:42:37,927 , /main.bit
DEBUG , 29 , 2023-08-17 10:42:37,927 , main
DEBUG , 32 , 2023-08-17 10:42:38,029 , doFilter----/rest.bit
DEBUG , 35 , 2023-08-17 10:42:38,030 , doFilter----/rest.bit
DEBUG , 27 , 2023-08-17 10:42:38,030 , /rest.bit
DEBUG , 29 , 2023-08-17 10:42:38,030 , rest
DEBUG , 32 , 2023-08-17 10:42:38,855 , doFilter----/main.bit
DEBUG , 35 , 2023-08-17 10:42:38,855 , doFilter----/main.bit
DEBUG , 27 , 2023-08-17 10:42:38,855 , /main.bit
DEBUG , 29 , 2023-08-17 10:42:38,856 , main
DEBUG , 32 , 2023-08-17 10:42:39,529 , doFilter----/js.bit
DEBUG , 35 , 2023-08-17 10:42:39,529 , doFilter----/js.bit
DEBUG , 27 , 2023-08-17 10:42:39,530 , /js.bit
DEBUG , 29 , 2023-08-17 10:42:39,530 , js
DEBUG , 32 , 2023-08-17 10:42:40,039 , doFilter----/main.bit
DEBUG , 35 , 2023-08-17 10:42:40,040 , doFilter----/main.bit
DEBUG , 27 , 2023-08-17 10:42:40,040 , /main.bit
DEBUG , 29 , 2023-08-17 10:42:40,040 , main
DEBUG , 32 , 2023-08-17 10:42:40,730 , doFilter----/main.bit
DEBUG , 35 , 2023-08-17 10:42:40,730 , doFilter----/main.bit
DEBUG , 27 , 2023-08-17 10:42:40,731 , /main.bit
DEBUG , 29 , 2023-08-17 10:42:40,731 , main
DEBUG , 32 , 2023-08-17 10:42:40,843 , doFilter----/rest.bit
DEBUG , 35 , 2023-08-17 10:42:40,843 , doFilter----/rest.bit
DEBUG , 27 , 2023-08-17 10:42:40,843 , /rest.bit
DEBUG , 29 , 2023-08-17 10:42:40,843 , rest
DEBUG , 32 , 2023-08-17 10:42:41,130 , doFilter----/main.bit
DEBUG , 35 , 2023-08-17 10:42:41,131 , doFilter----/main.bit
DEBUG , 27 , 2023-08-17 10:42:41,131 , /main.bit
DEBUG , 29 , 2023-08-17 10:42:41,131 , main
DEBUG , 32 , 2023-08-17 10:47:34,133 , doFilter----/main.bit
DEBUG , 35 , 2023-08-17 10:47:34,133 , doFilter----/main.bit
DEBUG , 27 , 2023-08-17 10:47:34,133 , /main.bit
DEBUG , 29 , 2023-08-17 10:47:34,133 , main
DEBUG , 32 , 2023-08-17 10:47:34,252 , doFilter----/rest.bit
DEBUG , 35 , 2023-08-17 10:47:34,252 , doFilter----/rest.bit
DEBUG , 27 , 2023-08-17 10:47:34,252 , /rest.bit
DEBUG , 29 , 2023-08-17 10:47:34,252 , rest
DEBUG , 32 , 2023-08-17 10:47:34,809 , doFilter----/main.bit
DEBUG , 35 , 2023-08-17 10:47:34,809 , doFilter----/main.bit
DEBUG , 27 , 2023-08-17 10:47:34,809 , /main.bit
DEBUG , 29 , 2023-08-17 10:47:34,809 , main
DEBUG , 32 , 2023-08-17 10:51:11,371 , doFilter----/main.bit
DEBUG , 35 , 2023-08-17 10:51:11,373 , doFilter----/main.bit
DEBUG , 27 , 2023-08-17 10:51:11,373 , /main.bit
DEBUG , 29 , 2023-08-17 10:51:11,373 , main
DEBUG , 32 , 2023-08-17 10:51:11,487 , doFilter----/rest.bit
DEBUG , 35 , 2023-08-17 10:51:11,487 , doFilter----/rest.bit
DEBUG , 27 , 2023-08-17 10:51:11,487 , /rest.bit
DEBUG , 29 , 2023-08-17 10:51:11,487 , rest
DEBUG , 32 , 2023-08-17 10:51:11,939 , doFilter----/main.bit
DEBUG , 35 , 2023-08-17 10:51:11,939 , doFilter----/main.bit
DEBUG , 27 , 2023-08-17 10:51:11,939 , /main.bit
DEBUG , 29 , 2023-08-17 10:51:11,940 , main
DEBUG , 32 , 2023-08-17 10:51:21,267 , doFilter----/js.bit
DEBUG , 35 , 2023-08-17 10:51:21,268 , doFilter----/js.bit
DEBUG , 27 , 2023-08-17 10:51:21,269 , /js.bit
DEBUG , 29 , 2023-08-17 10:51:21,269 , js
DEBUG , 32 , 2023-08-17 10:51:22,072 , doFilter----/main.bit
DEBUG , 35 , 2023-08-17 10:51:22,073 , doFilter----/main.bit
DEBUG , 27 , 2023-08-17 10:51:22,073 , /main.bit
DEBUG , 29 , 2023-08-17 10:51:22,073 , main
DEBUG , 32 , 2023-08-17 10:51:22,488 , doFilter----/main.bit
DEBUG , 35 , 2023-08-17 10:51:22,488 , doFilter----/main.bit
DEBUG , 27 , 2023-08-17 10:51:22,488 , /main.bit
DEBUG , 29 , 2023-08-17 10:51:22,488 , main
DEBUG , 32 , 2023-08-17 10:51:22,593 , doFilter----/rest.bit
DEBUG , 35 , 2023-08-17 10:51:22,593 , doFilter----/rest.bit
DEBUG , 27 , 2023-08-17 10:51:22,593 , /rest.bit
DEBUG , 29 , 2023-08-17 10:51:22,593 , rest
DEBUG , 32 , 2023-08-17 10:51:22,905 , doFilter----/main.bit
DEBUG , 35 , 2023-08-17 10:51:22,906 , doFilter----/main.bit
DEBUG , 27 , 2023-08-17 10:51:22,906 , /main.bit
DEBUG , 29 , 2023-08-17 10:51:22,906 , main
DEBUG , 32 , 2023-08-17 10:51:23,397 , doFilter----/main.bit
DEBUG , 35 , 2023-08-17 10:51:23,398 , doFilter----/main.bit
DEBUG , 27 , 2023-08-17 10:51:23,398 , /main.bit
DEBUG , 29 , 2023-08-17 10:51:23,398 , main
DEBUG , 32 , 2023-08-17 10:51:23,505 , doFilter----/rest.bit
DEBUG , 35 , 2023-08-17 10:51:23,505 , doFilter----/rest.bit
DEBUG , 27 , 2023-08-17 10:51:23,506 , /rest.bit
DEBUG , 29 , 2023-08-17 10:51:23,506 , rest
DEBUG , 32 , 2023-08-17 10:51:24,722 , doFilter----/main.bit
DEBUG , 35 , 2023-08-17 10:51:24,722 , doFilter----/main.bit
DEBUG , 27 , 2023-08-17 10:51:24,722 , /main.bit
DEBUG , 29 , 2023-08-17 10:51:24,722 , main
DEBUG , 32 , 2023-08-17 10:51:25,565 , doFilter----/main.bit
DEBUG , 35 , 2023-08-17 10:51:25,566 , doFilter----/main.bit
DEBUG , 27 , 2023-08-17 10:51:25,566 , /main.bit
DEBUG , 29 , 2023-08-17 10:51:25,566 , main
DEBUG , 32 , 2023-08-17 10:51:25,686 , doFilter----/rest.bit
DEBUG , 35 , 2023-08-17 10:51:25,686 , doFilter----/rest.bit
DEBUG , 27 , 2023-08-17 10:51:25,686 , /rest.bit
DEBUG , 29 , 2023-08-17 10:51:25,686 , rest
DEBUG , 32 , 2023-08-17 10:51:25,987 , doFilter----/main.bit
DEBUG , 35 , 2023-08-17 10:51:25,988 , doFilter----/main.bit
DEBUG , 27 , 2023-08-17 10:51:25,988 , /main.bit
DEBUG , 29 , 2023-08-17 10:51:25,988 , main
DEBUG , 32 , 2023-08-17 10:51:26,407 , doFilter----/main.bit
DEBUG , 35 , 2023-08-17 10:51:26,408 , doFilter----/main.bit
DEBUG , 27 , 2023-08-17 10:51:26,408 , /main.bit
DEBUG , 29 , 2023-08-17 10:51:26,408 , main
DEBUG , 32 , 2023-08-17 10:51:26,525 , doFilter----/rest.bit
DEBUG , 35 , 2023-08-17 10:51:26,525 , doFilter----/rest.bit
DEBUG , 27 , 2023-08-17 10:51:26,525 , /rest.bit
DEBUG , 29 , 2023-08-17 10:51:26,525 , rest
DEBUG , 32 , 2023-08-17 10:51:27,579 , doFilter----/main.bit
DEBUG , 35 , 2023-08-17 10:51:27,580 , doFilter----/main.bit
DEBUG , 27 , 2023-08-17 10:51:27,580 , /main.bit
DEBUG , 29 , 2023-08-17 10:51:27,581 , main
DEBUG , 32 , 2023-08-17 10:52:01,994 , doFilter----/main.bit
DEBUG , 35 , 2023-08-17 10:52:01,995 , doFilter----/main.bit
DEBUG , 27 , 2023-08-17 10:52:01,995 , /main.bit
DEBUG , 29 , 2023-08-17 10:52:01,995 , main
DEBUG , 32 , 2023-08-17 10:52:02,470 , doFilter----/js.bit
DEBUG , 35 , 2023-08-17 10:52:02,471 , doFilter----/js.bit
DEBUG , 27 , 2023-08-17 10:52:02,471 , /js.bit
DEBUG , 29 , 2023-08-17 10:52:02,471 , js
DEBUG , 32 , 2023-08-17 10:52:02,905 , doFilter----/main.bit
DEBUG , 35 , 2023-08-17 10:52:02,906 , doFilter----/main.bit
DEBUG , 27 , 2023-08-17 10:52:02,906 , /main.bit
DEBUG , 29 , 2023-08-17 10:52:02,906 , main
DEBUG , 32 , 2023-08-17 10:52:03,303 , doFilter----/main.bit
DEBUG , 35 , 2023-08-17 10:52:03,303 , doFilter----/main.bit
DEBUG , 27 , 2023-08-17 10:52:03,304 , /main.bit
DEBUG , 29 , 2023-08-17 10:52:03,304 , main
DEBUG , 32 , 2023-08-17 10:52:03,404 , doFilter----/rest.bit
DEBUG , 35 , 2023-08-17 10:52:03,405 , doFilter----/rest.bit
DEBUG , 27 , 2023-08-17 10:52:03,405 , /rest.bit
DEBUG , 29 , 2023-08-17 10:52:03,405 , rest
DEBUG , 32 , 2023-08-17 10:52:04,432 , doFilter----/main.bit
DEBUG , 35 , 2023-08-17 10:52:04,433 , doFilter----/main.bit
DEBUG , 27 , 2023-08-17 10:52:04,433 , /main.bit
DEBUG , 29 , 2023-08-17 10:52:04,433 , main
DEBUG , 32 , 2023-08-17 10:52:16,558 , doFilter----/main.bit
DEBUG , 35 , 2023-08-17 10:52:16,559 , doFilter----/main.bit
DEBUG , 27 , 2023-08-17 10:52:16,564 , /main.bit
DEBUG , 29 , 2023-08-17 10:52:16,564 , main
DEBUG , 32 , 2023-08-17 10:52:16,684 , doFilter----/rest.bit
DEBUG , 35 , 2023-08-17 10:52:16,685 , doFilter----/rest.bit
DEBUG , 27 , 2023-08-17 10:52:16,685 , /rest.bit
DEBUG , 29 , 2023-08-17 10:52:16,685 , rest
DEBUG , 32 , 2023-08-17 10:52:17,188 , doFilter----/main.bit
DEBUG , 35 , 2023-08-17 10:52:17,188 , doFilter----/main.bit
DEBUG , 27 , 2023-08-17 10:52:17,189 , /main.bit
DEBUG , 29 , 2023-08-17 10:52:17,189 , main
DEBUG , 32 , 2023-08-17 10:52:38,979 , doFilter----/main.bit
DEBUG , 35 , 2023-08-17 10:52:38,979 , doFilter----/main.bit
DEBUG , 27 , 2023-08-17 10:52:38,980 , /main.bit
DEBUG , 29 , 2023-08-17 10:52:38,980 , main
DEBUG , 32 , 2023-08-17 10:52:39,522 , doFilter----/js.bit
DEBUG , 35 , 2023-08-17 10:52:39,522 , doFilter----/js.bit
DEBUG , 27 , 2023-08-17 10:52:39,523 , /js.bit
DEBUG , 29 , 2023-08-17 10:52:39,523 , js
DEBUG , 32 , 2023-08-17 10:52:40,780 , doFilter----/main.bit
DEBUG , 35 , 2023-08-17 10:52:40,781 , doFilter----/main.bit
DEBUG , 27 , 2023-08-17 10:52:40,781 , /main.bit
DEBUG , 29 , 2023-08-17 10:52:40,781 , main
DEBUG , 32 , 2023-08-17 10:52:41,082 , doFilter----/rest.bit
DEBUG , 35 , 2023-08-17 10:52:41,083 , doFilter----/rest.bit
DEBUG , 27 , 2023-08-17 10:52:41,083 , /rest.bit
DEBUG , 29 , 2023-08-17 10:52:41,083 , rest
DEBUG , 32 , 2023-08-17 10:52:41,939 , doFilter----/main.bit
DEBUG , 35 , 2023-08-17 10:52:41,939 , doFilter----/main.bit
DEBUG , 27 , 2023-08-17 10:52:41,939 , /main.bit
DEBUG , 29 , 2023-08-17 10:52:41,940 , main
