DEBUG , 25 , 2023-08-11 08:53:56,150 , Log4J Logging started: /Users/chaeminlee/Documents/LotteBitWorkspace/bit2023/mybatis1/target/mybatis1-1.0-SNAPSHOT/WEB-INF/log4j.properties
DEBUG , 39 , 2023-08-11 08:53:56,227 , doFilter----/
DEBUG , 42 , 2023-08-11 08:53:56,228 , doFilter----/
DEBUG , 39 , 2023-08-11 08:53:56,231 , doFilter----/main.bit
DEBUG , 42 , 2023-08-11 08:53:56,231 , doFilter----/main.bit
DEBUG , 50 , 2023-08-11 08:53:56,231 , doFilter3----.bit
DEBUG , 28 , 2023-08-11 08:53:56,231 , /main.bit
DEBUG , 30 , 2023-08-11 08:53:56,231 , main
DEBUG , 39 , 2023-08-11 08:53:56,761 , doFilter----/
DEBUG , 42 , 2023-08-11 08:53:56,761 , doFilter----/
DEBUG , 39 , 2023-08-11 08:53:56,762 , doFilter----/main.bit
DEBUG , 42 , 2023-08-11 08:53:56,762 , doFilter----/main.bit
DEBUG , 50 , 2023-08-11 08:53:56,762 , doFilter3----.bit
DEBUG , 28 , 2023-08-11 08:53:56,762 , /main.bit
DEBUG , 30 , 2023-08-11 08:53:56,762 , main
DEBUG , 39 , 2023-08-11 08:53:56,876 , doFilter----/
DEBUG , 42 , 2023-08-11 08:53:56,877 , doFilter----/
DEBUG , 39 , 2023-08-11 08:53:56,879 , doFilter----/main.bit
DEBUG , 42 , 2023-08-11 08:53:56,880 , doFilter----/main.bit
DEBUG , 50 , 2023-08-11 08:53:56,880 , doFilter3----.bit
DEBUG , 28 , 2023-08-11 08:53:56,880 , /main.bit
DEBUG , 30 , 2023-08-11 08:53:56,880 , main
DEBUG , 39 , 2023-08-11 08:53:56,952 , doFilter----/favicon.ico
DEBUG , 42 , 2023-08-11 08:53:56,953 , doFilter----/favicon.ico
DEBUG , 50 , 2023-08-11 08:53:56,953 , doFilter3----.ico
DEBUG , 39 , 2023-08-11 08:53:56,955 , doFilter----/main.bit
DEBUG , 42 , 2023-08-11 08:53:56,955 , doFilter----/main.bit
DEBUG , 50 , 2023-08-11 08:53:56,955 , doFilter3----.bit
DEBUG , 28 , 2023-08-11 08:53:56,955 , /main.bit
DEBUG , 30 , 2023-08-11 08:53:56,955 , main
DEBUG , 39 , 2023-08-11 08:54:04,951 , doFilter----/main.html
DEBUG , 42 , 2023-08-11 08:54:04,951 , doFilter----/main.html
DEBUG , 50 , 2023-08-11 08:54:04,951 , doFilter3----.html
DEBUG , 39 , 2023-08-11 08:54:04,955 , doFilter----/main.bit
DEBUG , 42 , 2023-08-11 08:54:04,956 , doFilter----/main.bit
DEBUG , 50 , 2023-08-11 08:54:04,956 , doFilter3----.bit
DEBUG , 28 , 2023-08-11 08:54:04,956 , /main.bit
DEBUG , 30 , 2023-08-11 08:54:04,956 , main
DEBUG , 39 , 2023-08-11 08:54:05,005 , doFilter----/favicon.ico
DEBUG , 42 , 2023-08-11 08:54:05,006 , doFilter----/favicon.ico
DEBUG , 50 , 2023-08-11 08:54:05,006 , doFilter3----.ico
DEBUG , 39 , 2023-08-11 08:54:05,011 , doFilter----/main.bit
DEBUG , 42 , 2023-08-11 08:54:05,011 , doFilter----/main.bit
DEBUG , 50 , 2023-08-11 08:54:05,011 , doFilter3----.bit
DEBUG , 28 , 2023-08-11 08:54:05,012 , /main.bit
DEBUG , 30 , 2023-08-11 08:54:05,012 , main
DEBUG , 39 , 2023-08-11 08:54:45,930 , doFilter----/sada
DEBUG , 42 , 2023-08-11 08:54:45,931 , doFilter----/sada
DEBUG , 39 , 2023-08-11 08:54:46,004 , doFilter----/favicon.ico
DEBUG , 42 , 2023-08-11 08:54:46,005 , doFilter----/favicon.ico
DEBUG , 50 , 2023-08-11 08:54:46,005 , doFilter3----.ico
DEBUG , 39 , 2023-08-11 08:54:46,008 , doFilter----/main.bit
DEBUG , 42 , 2023-08-11 08:54:46,008 , doFilter----/main.bit
DEBUG , 50 , 2023-08-11 08:54:46,009 , doFilter3----.bit
DEBUG , 28 , 2023-08-11 08:54:46,009 , /main.bit
DEBUG , 30 , 2023-08-11 08:54:46,009 , main
DEBUG , 39 , 2023-08-11 08:57:49,763 , doFilter----/main.bit/asdlkjl
DEBUG , 42 , 2023-08-11 08:57:49,764 , doFilter----/asdlkjl
DEBUG , 39 , 2023-08-11 08:57:49,808 , doFilter----/favicon.ico
DEBUG , 42 , 2023-08-11 08:57:49,808 , doFilter----/favicon.ico
DEBUG , 50 , 2023-08-11 08:57:49,808 , doFilter3----.ico
DEBUG , 39 , 2023-08-11 08:57:49,812 , doFilter----/main.bit
DEBUG , 42 , 2023-08-11 08:57:49,812 , doFilter----/main.bit
DEBUG , 50 , 2023-08-11 08:57:49,812 , doFilter3----.bit
DEBUG , 28 , 2023-08-11 08:57:49,812 , /main.bit
DEBUG , 30 , 2023-08-11 08:57:49,812 , main
DEBUG , 39 , 2023-08-11 08:57:56,151 , doFilter----/sajdkljasldj.
DEBUG , 42 , 2023-08-11 08:57:56,151 , doFilter----/sajdkljasldj.
DEBUG , 50 , 2023-08-11 08:57:56,152 , doFilter3----.
DEBUG , 39 , 2023-08-11 08:57:56,156 , doFilter----/main.bit
DEBUG , 42 , 2023-08-11 08:57:56,157 , doFilter----/main.bit
DEBUG , 50 , 2023-08-11 08:57:56,157 , doFilter3----.bit
DEBUG , 28 , 2023-08-11 08:57:56,157 , /main.bit
DEBUG , 30 , 2023-08-11 08:57:56,158 , main
DEBUG , 39 , 2023-08-11 08:57:56,217 , doFilter----/favicon.ico
DEBUG , 42 , 2023-08-11 08:57:56,217 , doFilter----/favicon.ico
DEBUG , 50 , 2023-08-11 08:57:56,217 , doFilter3----.ico
DEBUG , 39 , 2023-08-11 08:57:56,218 , doFilter----/main.bit
DEBUG , 42 , 2023-08-11 08:57:56,218 , doFilter----/main.bit
DEBUG , 50 , 2023-08-11 08:57:56,218 , doFilter3----.bit
DEBUG , 28 , 2023-08-11 08:57:56,218 , /main.bit
DEBUG , 30 , 2023-08-11 08:57:56,218 , main
DEBUG , 39 , 2023-08-11 08:58:03,445 , doFilter----/.hjkhkhk
DEBUG , 42 , 2023-08-11 08:58:03,446 , doFilter----/.hjkhkhk
DEBUG , 50 , 2023-08-11 08:58:03,446 , doFilter3----.hjkhkhk
DEBUG , 39 , 2023-08-11 08:58:03,452 , doFilter----/main.bit
DEBUG , 42 , 2023-08-11 08:58:03,452 , doFilter----/main.bit
DEBUG , 50 , 2023-08-11 08:58:03,453 , doFilter3----.bit
DEBUG , 28 , 2023-08-11 08:58:03,453 , /main.bit
DEBUG , 30 , 2023-08-11 08:58:03,453 , main
DEBUG , 39 , 2023-08-11 08:58:03,493 , doFilter----/favicon.ico
DEBUG , 42 , 2023-08-11 08:58:03,493 , doFilter----/favicon.ico
DEBUG , 50 , 2023-08-11 08:58:03,493 , doFilter3----.ico
DEBUG , 39 , 2023-08-11 08:58:03,497 , doFilter----/main.bit
DEBUG , 42 , 2023-08-11 08:58:03,497 , doFilter----/main.bit
DEBUG , 50 , 2023-08-11 08:58:03,497 , doFilter3----.bit
DEBUG , 28 , 2023-08-11 08:58:03,497 , /main.bit
DEBUG , 30 , 2023-08-11 08:58:03,497 , main
DEBUG , 25 , 2023-08-11 09:02:56,839 , Log4J Logging started: /Users/chaeminlee/Documents/LotteBitWorkspace/bit2023/mybatis1/target/mybatis1-1.0-SNAPSHOT/WEB-INF/log4j.properties
DEBUG , 39 , 2023-08-11 09:02:56,913 , doFilter----/
DEBUG , 42 , 2023-08-11 09:02:56,914 , doFilter----/
DEBUG , 39 , 2023-08-11 09:02:56,917 , doFilter----/main.bit
DEBUG , 42 , 2023-08-11 09:02:56,917 , doFilter----/main.bit
DEBUG , 50 , 2023-08-11 09:02:56,917 , doFilter3----.bit
DEBUG , 28 , 2023-08-11 09:03:09,742 , /main.bit
DEBUG , 30 , 2023-08-11 09:03:09,742 , main
DEBUG , 39 , 2023-08-11 09:03:14,539 , doFilter----/
DEBUG , 42 , 2023-08-11 09:03:14,539 , doFilter----/
DEBUG , 39 , 2023-08-11 09:03:14,540 , doFilter----/main.bit
DEBUG , 42 , 2023-08-11 09:03:14,540 , doFilter----/main.bit
DEBUG , 50 , 2023-08-11 09:03:14,540 , doFilter3----.bit
DEBUG , 28 , 2023-08-11 09:03:14,540 , /main.bit
DEBUG , 30 , 2023-08-11 09:03:14,540 , main
DEBUG , 39 , 2023-08-11 09:03:14,627 , doFilter----/
DEBUG , 42 , 2023-08-11 09:03:14,629 , doFilter----/
DEBUG , 39 , 2023-08-11 09:03:14,631 , doFilter----/main.bit
DEBUG , 42 , 2023-08-11 09:03:14,631 , doFilter----/main.bit
DEBUG , 50 , 2023-08-11 09:03:14,631 , doFilter3----.bit
DEBUG , 28 , 2023-08-11 09:03:14,632 , /main.bit
DEBUG , 30 , 2023-08-11 09:03:14,632 , main
DEBUG , 39 , 2023-08-11 09:03:14,699 , doFilter----/favicon.ico
DEBUG , 42 , 2023-08-11 09:03:14,700 , doFilter----/favicon.ico
DEBUG , 50 , 2023-08-11 09:03:14,700 , doFilter3----.ico
DEBUG , 39 , 2023-08-11 09:03:14,702 , doFilter----/main.bit
DEBUG , 42 , 2023-08-11 09:03:14,702 , doFilter----/main.bit
DEBUG , 50 , 2023-08-11 09:03:14,702 , doFilter3----.bit
DEBUG , 28 , 2023-08-11 09:03:14,702 , /main.bit
DEBUG , 30 , 2023-08-11 09:03:14,702 , main
DEBUG , 25 , 2023-08-11 09:11:43,709 , Log4J Logging started: /Users/chaeminlee/Documents/LotteBitWorkspace/bit2023/mybatis1/target/mybatis1-1.0-SNAPSHOT/WEB-INF/log4j.properties
DEBUG , 39 , 2023-08-11 09:11:43,777 , doFilter----/
DEBUG , 42 , 2023-08-11 09:11:43,778 , doFilter----/
DEBUG , 39 , 2023-08-11 09:11:43,781 , doFilter----/main.bit
DEBUG , 42 , 2023-08-11 09:11:43,782 , doFilter----/main.bit
DEBUG , 50 , 2023-08-11 09:11:43,782 , doFilter3----.bit
DEBUG , 29 , 2023-08-11 09:11:43,782 , /main.bit
DEBUG , 31 , 2023-08-11 09:11:43,782 , main
DEBUG , 39 , 2023-08-11 09:11:43,855 , doFilter----/
DEBUG , 42 , 2023-08-11 09:11:43,856 , doFilter----/
DEBUG , 39 , 2023-08-11 09:11:43,856 , doFilter----/main.bit
DEBUG , 42 , 2023-08-11 09:11:43,856 , doFilter----/main.bit
DEBUG , 50 , 2023-08-11 09:11:43,857 , doFilter3----.bit
DEBUG , 29 , 2023-08-11 09:11:43,857 , /main.bit
DEBUG , 31 , 2023-08-11 09:11:43,857 , main
DEBUG , 39 , 2023-08-11 09:11:43,889 , doFilter----/
DEBUG , 42 , 2023-08-11 09:11:43,890 , doFilter----/
DEBUG , 39 , 2023-08-11 09:11:43,893 , doFilter----/main.bit
DEBUG , 42 , 2023-08-11 09:11:43,893 , doFilter----/main.bit
DEBUG , 50 , 2023-08-11 09:11:43,893 , doFilter3----.bit
DEBUG , 29 , 2023-08-11 09:11:43,894 , /main.bit
DEBUG , 31 , 2023-08-11 09:11:43,894 , main
DEBUG , 39 , 2023-08-11 09:11:43,995 , doFilter----/favicon.ico
DEBUG , 42 , 2023-08-11 09:11:43,995 , doFilter----/favicon.ico
DEBUG , 50 , 2023-08-11 09:11:43,995 , doFilter3----.ico
DEBUG , 39 , 2023-08-11 09:11:43,998 , doFilter----/main.bit
DEBUG , 42 , 2023-08-11 09:11:44,001 , doFilter----/main.bit
DEBUG , 50 , 2023-08-11 09:11:44,001 , doFilter3----.bit
DEBUG , 29 , 2023-08-11 09:11:44,001 , /main.bit
DEBUG , 31 , 2023-08-11 09:11:44,001 , main
DEBUG , 39 , 2023-08-11 09:11:57,272 , doFilter----/main.bit
DEBUG , 42 , 2023-08-11 09:11:57,273 , doFilter----/main.bit
DEBUG , 50 , 2023-08-11 09:11:57,273 , doFilter3----.bit
DEBUG , 29 , 2023-08-11 09:11:57,273 , /main.bit
DEBUG , 31 , 2023-08-11 09:11:57,273 , main
DEBUG , 39 , 2023-08-11 09:11:57,327 , doFilter----/favicon.ico
DEBUG , 42 , 2023-08-11 09:11:57,328 , doFilter----/favicon.ico
DEBUG , 50 , 2023-08-11 09:11:57,328 , doFilter3----.ico
DEBUG , 39 , 2023-08-11 09:11:57,335 , doFilter----/main.bit
DEBUG , 42 , 2023-08-11 09:11:57,336 , doFilter----/main.bit
DEBUG , 50 , 2023-08-11 09:11:57,336 , doFilter3----.bit
DEBUG , 29 , 2023-08-11 09:11:57,336 , /main.bit
DEBUG , 31 , 2023-08-11 09:11:57,336 , main
DEBUG , 39 , 2023-08-11 09:12:24,663 , doFilter----/main.bit
DEBUG , 42 , 2023-08-11 09:12:24,663 , doFilter----/main.bit
DEBUG , 50 , 2023-08-11 09:12:27,974 , doFilter3----.bit
DEBUG , 29 , 2023-08-11 09:12:29,274 , /main.bit
DEBUG , 31 , 2023-08-11 09:12:29,276 , main
DEBUG , 39 , 2023-08-11 09:12:31,003 , doFilter----/favicon.ico
DEBUG , 42 , 2023-08-11 09:12:31,003 , doFilter----/favicon.ico
DEBUG , 50 , 2023-08-11 09:12:33,222 , doFilter3----.ico
DEBUG , 39 , 2023-08-11 09:12:35,500 , doFilter----/main.bit
DEBUG , 42 , 2023-08-11 09:12:35,500 , doFilter----/main.bit
DEBUG , 50 , 2023-08-11 09:12:37,831 , doFilter3----.bit
DEBUG , 29 , 2023-08-11 09:12:38,841 , /main.bit
DEBUG , 31 , 2023-08-11 09:12:38,842 , main
DEBUG , 39 , 2023-08-11 09:13:05,922 , doFilter----/main.bit
DEBUG , 42 , 2023-08-11 09:13:05,923 , doFilter----/main.bit
DEBUG , 50 , 2023-08-11 09:13:08,969 , doFilter3----.bit
DEBUG , 29 , 2023-08-11 09:13:08,969 , /main.bit
DEBUG , 31 , 2023-08-11 09:13:08,969 , main
DEBUG , 39 , 2023-08-11 09:13:09,020 , doFilter----/favicon.ico
DEBUG , 42 , 2023-08-11 09:13:09,020 , doFilter----/favicon.ico
DEBUG , 50 , 2023-08-11 09:13:09,020 , doFilter3----.ico
DEBUG , 39 , 2023-08-11 09:13:09,023 , doFilter----/main.bit
DEBUG , 42 , 2023-08-11 09:13:09,024 , doFilter----/main.bit
DEBUG , 50 , 2023-08-11 09:13:09,024 , doFilter3----.bit
DEBUG , 29 , 2023-08-11 09:13:09,024 , /main.bit
DEBUG , 31 , 2023-08-11 09:13:09,024 , main
DEBUG , 25 , 2023-08-11 09:16:12,583 , Log4J Logging started: /Users/chaeminlee/Documents/LotteBitWorkspace/bit2023/mybatis1/target/mybatis1-1.0-SNAPSHOT/WEB-INF/log4j.properties
DEBUG , 39 , 2023-08-11 09:16:13,235 , doFilter----/
DEBUG , 42 , 2023-08-11 09:16:13,236 , doFilter----/
DEBUG , 39 , 2023-08-11 09:16:13,239 , doFilter----/main.bit
DEBUG , 42 , 2023-08-11 09:16:13,239 , doFilter----/main.bit
DEBUG , 50 , 2023-08-11 09:16:13,239 , doFilter3----.bit
DEBUG , 29 , 2023-08-11 09:16:13,239 , /main.bit
DEBUG , 31 , 2023-08-11 09:16:13,239 , main
DEBUG , 39 , 2023-08-11 09:16:13,931 , doFilter----/
DEBUG , 42 , 2023-08-11 09:16:13,931 , doFilter----/
DEBUG , 39 , 2023-08-11 09:16:13,932 , doFilter----/main.bit
DEBUG , 42 , 2023-08-11 09:16:13,932 , doFilter----/main.bit
DEBUG , 50 , 2023-08-11 09:16:13,932 , doFilter3----.bit
DEBUG , 29 , 2023-08-11 09:16:13,932 , /main.bit
DEBUG , 31 , 2023-08-11 09:16:13,932 , main
DEBUG , 39 , 2023-08-11 09:16:13,966 , doFilter----/
DEBUG , 42 , 2023-08-11 09:16:13,968 , doFilter----/
DEBUG , 39 , 2023-08-11 09:16:13,970 , doFilter----/main.bit
DEBUG , 42 , 2023-08-11 09:16:13,970 , doFilter----/main.bit
DEBUG , 50 , 2023-08-11 09:16:13,970 , doFilter3----.bit
DEBUG , 29 , 2023-08-11 09:16:13,970 , /main.bit
DEBUG , 31 , 2023-08-11 09:16:13,970 , main
DEBUG , 39 , 2023-08-11 09:16:14,213 , doFilter----/favicon.ico
DEBUG , 42 , 2023-08-11 09:16:14,214 , doFilter----/favicon.ico
DEBUG , 50 , 2023-08-11 09:16:14,214 , doFilter3----.ico
DEBUG , 39 , 2023-08-11 09:16:14,216 , doFilter----/main.bit
DEBUG , 42 , 2023-08-11 09:16:14,216 , doFilter----/main.bit
DEBUG , 50 , 2023-08-11 09:16:14,217 , doFilter3----.bit
DEBUG , 29 , 2023-08-11 09:16:14,217 , /main.bit
DEBUG , 31 , 2023-08-11 09:16:14,217 , main
DEBUG , 39 , 2023-08-11 09:18:27,211 , doFilter----/main.bit
DEBUG , 42 , 2023-08-11 09:18:27,213 , doFilter----/main.bit
DEBUG , 50 , 2023-08-11 09:18:27,215 , doFilter3----.bit
DEBUG , 29 , 2023-08-11 09:18:27,215 , /main.bit
DEBUG , 31 , 2023-08-11 09:18:27,215 , main
DEBUG , 39 , 2023-08-11 09:18:27,282 , doFilter----/favicon.ico
DEBUG , 42 , 2023-08-11 09:18:27,282 , doFilter----/favicon.ico
DEBUG , 50 , 2023-08-11 09:18:27,282 , doFilter3----.ico
DEBUG , 39 , 2023-08-11 09:18:27,285 , doFilter----/main.bit
DEBUG , 42 , 2023-08-11 09:18:27,285 , doFilter----/main.bit
DEBUG , 50 , 2023-08-11 09:18:27,285 , doFilter3----.bit
DEBUG , 29 , 2023-08-11 09:18:27,285 , /main.bit
DEBUG , 31 , 2023-08-11 09:18:27,285 , main
DEBUG , 39 , 2023-08-11 09:18:30,726 , doFilter----/main.bit
DEBUG , 42 , 2023-08-11 09:18:30,727 , doFilter----/main.bit
DEBUG , 50 , 2023-08-11 09:18:30,727 , doFilter3----.bit
DEBUG , 29 , 2023-08-11 09:18:30,729 , /main.bit
DEBUG , 31 , 2023-08-11 09:18:30,729 , main
DEBUG , 39 , 2023-08-11 09:18:30,781 , doFilter----/favicon.ico
DEBUG , 42 , 2023-08-11 09:18:30,782 , doFilter----/favicon.ico
DEBUG , 50 , 2023-08-11 09:18:30,782 , doFilter3----.ico
DEBUG , 39 , 2023-08-11 09:18:30,783 , doFilter----/main.bit
DEBUG , 42 , 2023-08-11 09:18:30,783 , doFilter----/main.bit
DEBUG , 50 , 2023-08-11 09:18:30,784 , doFilter3----.bit
DEBUG , 29 , 2023-08-11 09:18:30,784 , /main.bit
DEBUG , 31 , 2023-08-11 09:18:30,784 , main
DEBUG , 39 , 2023-08-11 09:18:33,141 , doFilter----/cust.bit
DEBUG , 42 , 2023-08-11 09:18:33,143 , doFilter----/cust.bit
DEBUG , 50 , 2023-08-11 09:18:33,143 , doFilter3----.bit
DEBUG , 29 , 2023-08-11 09:18:33,144 , /cust.bit
DEBUG , 31 , 2023-08-11 09:18:33,145 , cust
DEBUG , 39 , 2023-08-11 09:18:33,389 , doFilter----/favicon.ico
DEBUG , 42 , 2023-08-11 09:18:33,389 , doFilter----/favicon.ico
DEBUG , 50 , 2023-08-11 09:18:33,389 , doFilter3----.ico
DEBUG , 39 , 2023-08-11 09:18:33,395 , doFilter----/main.bit
DEBUG , 42 , 2023-08-11 09:18:33,395 , doFilter----/main.bit
DEBUG , 50 , 2023-08-11 09:18:33,395 , doFilter3----.bit
DEBUG , 29 , 2023-08-11 09:18:33,395 , /main.bit
DEBUG , 31 , 2023-08-11 09:18:33,395 , main
DEBUG , 39 , 2023-08-11 09:18:34,377 , doFilter----/cust.bit
DEBUG , 42 , 2023-08-11 09:18:34,378 , doFilter----/cust.bit
DEBUG , 50 , 2023-08-11 09:18:34,378 , doFilter3----.bit
DEBUG , 29 , 2023-08-11 09:18:34,378 , /cust.bit
DEBUG , 31 , 2023-08-11 09:18:34,378 , cust
DEBUG , 39 , 2023-08-11 09:18:34,838 , doFilter----/favicon.ico
DEBUG , 42 , 2023-08-11 09:18:34,838 , doFilter----/favicon.ico
DEBUG , 50 , 2023-08-11 09:18:34,838 , doFilter3----.ico
DEBUG , 39 , 2023-08-11 09:18:34,840 , doFilter----/main.bit
DEBUG , 42 , 2023-08-11 09:18:34,840 , doFilter----/main.bit
DEBUG , 50 , 2023-08-11 09:18:34,840 , doFilter3----.bit
DEBUG , 29 , 2023-08-11 09:18:34,840 , /main.bit
DEBUG , 31 , 2023-08-11 09:18:34,840 , main
DEBUG , 39 , 2023-08-11 09:18:38,027 , doFilter----/main.bit
DEBUG , 42 , 2023-08-11 09:18:38,029 , doFilter----/main.bit
DEBUG , 50 , 2023-08-11 09:18:38,029 , doFilter3----.bit
DEBUG , 29 , 2023-08-11 09:18:38,029 , /main.bit
DEBUG , 31 , 2023-08-11 09:18:38,030 , main
DEBUG , 39 , 2023-08-11 09:18:38,136 , doFilter----/favicon.ico
DEBUG , 42 , 2023-08-11 09:18:38,136 , doFilter----/favicon.ico
DEBUG , 50 , 2023-08-11 09:18:38,136 , doFilter3----.ico
DEBUG , 39 , 2023-08-11 09:18:38,137 , doFilter----/main.bit
DEBUG , 42 , 2023-08-11 09:18:38,137 , doFilter----/main.bit
DEBUG , 50 , 2023-08-11 09:18:38,137 , doFilter3----.bit
DEBUG , 29 , 2023-08-11 09:18:38,137 , /main.bit
DEBUG , 31 , 2023-08-11 09:18:38,137 , main
DEBUG , 39 , 2023-08-11 09:18:39,029 , doFilter----/product.bit
DEBUG , 42 , 2023-08-11 09:18:39,030 , doFilter----/product.bit
DEBUG , 50 , 2023-08-11 09:18:39,030 , doFilter3----.bit
DEBUG , 29 , 2023-08-11 09:18:39,030 , /product.bit
DEBUG , 31 , 2023-08-11 09:18:39,030 , product
DEBUG , 39 , 2023-08-11 09:18:39,087 , doFilter----/favicon.ico
DEBUG , 42 , 2023-08-11 09:18:39,087 , doFilter----/favicon.ico
DEBUG , 50 , 2023-08-11 09:18:39,087 , doFilter3----.ico
DEBUG , 39 , 2023-08-11 09:18:39,093 , doFilter----/main.bit
DEBUG , 42 , 2023-08-11 09:18:39,093 , doFilter----/main.bit
DEBUG , 50 , 2023-08-11 09:18:39,093 , doFilter3----.bit
DEBUG , 29 , 2023-08-11 09:18:39,093 , /main.bit
DEBUG , 31 , 2023-08-11 09:18:39,093 , main
DEBUG , 39 , 2023-08-11 09:18:45,176 , doFilter----/favicon.ico
DEBUG , 42 , 2023-08-11 09:18:45,177 , doFilter----/favicon.ico
DEBUG , 50 , 2023-08-11 09:18:45,178 , doFilter3----.ico
DEBUG , 39 , 2023-08-11 09:18:45,181 , doFilter----/main.bit
DEBUG , 42 , 2023-08-11 09:18:45,181 , doFilter----/main.bit
DEBUG , 50 , 2023-08-11 09:18:45,181 , doFilter3----.bit
DEBUG , 29 , 2023-08-11 09:18:45,181 , /main.bit
DEBUG , 31 , 2023-08-11 09:18:45,181 , main
DEBUG , 39 , 2023-08-11 09:18:47,674 , doFilter----/main.bit
DEBUG , 42 , 2023-08-11 09:18:47,674 , doFilter----/main.bit
DEBUG , 50 , 2023-08-11 09:18:47,674 , doFilter3----.bit
DEBUG , 29 , 2023-08-11 09:18:47,675 , /main.bit
DEBUG , 31 , 2023-08-11 09:18:47,675 , main
DEBUG , 39 , 2023-08-11 09:18:47,722 , doFilter----/favicon.ico
DEBUG , 42 , 2023-08-11 09:18:47,724 , doFilter----/favicon.ico
DEBUG , 50 , 2023-08-11 09:18:47,724 , doFilter3----.ico
DEBUG , 39 , 2023-08-11 09:18:47,727 , doFilter----/main.bit
DEBUG , 42 , 2023-08-11 09:18:47,728 , doFilter----/main.bit
DEBUG , 50 , 2023-08-11 09:18:47,728 , doFilter3----.bit
DEBUG , 29 , 2023-08-11 09:18:47,728 , /main.bit
DEBUG , 31 , 2023-08-11 09:18:47,728 , main
DEBUG , 39 , 2023-08-11 09:18:48,628 , doFilter----/cust.bit
DEBUG , 42 , 2023-08-11 09:18:48,628 , doFilter----/cust.bit
DEBUG , 50 , 2023-08-11 09:18:48,628 , doFilter3----.bit
DEBUG , 29 , 2023-08-11 09:18:48,629 , /cust.bit
DEBUG , 31 , 2023-08-11 09:18:48,629 , cust
DEBUG , 39 , 2023-08-11 09:18:48,680 , doFilter----/favicon.ico
DEBUG , 42 , 2023-08-11 09:18:48,680 , doFilter----/favicon.ico
DEBUG , 50 , 2023-08-11 09:18:48,680 , doFilter3----.ico
DEBUG , 39 , 2023-08-11 09:18:48,682 , doFilter----/main.bit
DEBUG , 42 , 2023-08-11 09:18:48,682 , doFilter----/main.bit
DEBUG , 50 , 2023-08-11 09:18:48,682 , doFilter3----.bit
DEBUG , 29 , 2023-08-11 09:18:48,683 , /main.bit
DEBUG , 31 , 2023-08-11 09:18:48,683 , main
DEBUG , 39 , 2023-08-11 09:24:43,864 , doFilter----/cust.bit
DEBUG , 42 , 2023-08-11 09:24:43,866 , doFilter----/cust.bit
DEBUG , 50 , 2023-08-11 09:24:43,867 , doFilter3----.bit
DEBUG , 29 , 2023-08-11 09:24:43,867 , /cust.bit
DEBUG , 31 , 2023-08-11 09:24:43,867 , cust
DEBUG , 39 , 2023-08-11 09:24:43,934 , doFilter----/favicon.ico
DEBUG , 42 , 2023-08-11 09:24:43,935 , doFilter----/favicon.ico
DEBUG , 50 , 2023-08-11 09:24:43,935 , doFilter3----.ico
DEBUG , 39 , 2023-08-11 09:24:43,936 , doFilter----/main.bit
DEBUG , 42 , 2023-08-11 09:24:43,937 , doFilter----/main.bit
DEBUG , 50 , 2023-08-11 09:24:43,937 , doFilter3----.bit
DEBUG , 29 , 2023-08-11 09:24:43,937 , /main.bit
DEBUG , 31 , 2023-08-11 09:24:43,937 , main
DEBUG , 39 , 2023-08-11 09:24:44,273 , doFilter----/cust.bit
DEBUG , 42 , 2023-08-11 09:24:44,274 , doFilter----/cust.bit
DEBUG , 50 , 2023-08-11 09:24:44,274 , doFilter3----.bit
DEBUG , 29 , 2023-08-11 09:24:44,274 , /cust.bit
DEBUG , 31 , 2023-08-11 09:24:44,274 , cust
DEBUG , 39 , 2023-08-11 09:24:44,316 , doFilter----/favicon.ico
DEBUG , 42 , 2023-08-11 09:24:44,316 , doFilter----/favicon.ico
DEBUG , 50 , 2023-08-11 09:24:44,316 , doFilter3----.ico
DEBUG , 39 , 2023-08-11 09:24:44,317 , doFilter----/main.bit
DEBUG , 42 , 2023-08-11 09:24:44,317 , doFilter----/main.bit
DEBUG , 50 , 2023-08-11 09:24:44,317 , doFilter3----.bit
DEBUG , 29 , 2023-08-11 09:24:44,317 , /main.bit
DEBUG , 31 , 2023-08-11 09:24:44,317 , main
DEBUG , 39 , 2023-08-11 09:24:46,126 , doFilter----/cust.bit
DEBUG , 42 , 2023-08-11 09:24:46,126 , doFilter----/cust.bit
DEBUG , 50 , 2023-08-11 09:24:46,126 , doFilter3----.bit
DEBUG , 29 , 2023-08-11 09:24:46,126 , /cust.bit
DEBUG , 31 , 2023-08-11 09:24:46,126 , cust
DEBUG , 39 , 2023-08-11 09:24:46,170 , doFilter----/favicon.ico
DEBUG , 42 , 2023-08-11 09:24:46,170 , doFilter----/favicon.ico
DEBUG , 50 , 2023-08-11 09:24:46,170 , doFilter3----.ico
DEBUG , 39 , 2023-08-11 09:24:46,171 , doFilter----/main.bit
DEBUG , 42 , 2023-08-11 09:24:46,171 , doFilter----/main.bit
DEBUG , 50 , 2023-08-11 09:24:46,172 , doFilter3----.bit
DEBUG , 29 , 2023-08-11 09:24:46,172 , /main.bit
DEBUG , 31 , 2023-08-11 09:24:46,172 , main
DEBUG , 39 , 2023-08-11 09:24:47,080 , doFilter----/main.bit
DEBUG , 42 , 2023-08-11 09:24:47,081 , doFilter----/main.bit
DEBUG , 50 , 2023-08-11 09:24:47,081 , doFilter3----.bit
DEBUG , 29 , 2023-08-11 09:24:47,081 , /main.bit
DEBUG , 31 , 2023-08-11 09:24:47,081 , main
DEBUG , 39 , 2023-08-11 09:24:47,136 , doFilter----/favicon.ico
DEBUG , 42 , 2023-08-11 09:24:47,137 , doFilter----/favicon.ico
DEBUG , 50 , 2023-08-11 09:24:47,137 , doFilter3----.ico
DEBUG , 39 , 2023-08-11 09:24:47,139 , doFilter----/main.bit
DEBUG , 42 , 2023-08-11 09:24:47,139 , doFilter----/main.bit
DEBUG , 50 , 2023-08-11 09:24:47,139 , doFilter3----.bit
DEBUG , 29 , 2023-08-11 09:24:47,139 , /main.bit
DEBUG , 31 , 2023-08-11 09:24:47,139 , main
DEBUG , 39 , 2023-08-11 09:24:47,675 , doFilter----/cust.bit
DEBUG , 42 , 2023-08-11 09:24:47,676 , doFilter----/cust.bit
DEBUG , 50 , 2023-08-11 09:24:47,676 , doFilter3----.bit
DEBUG , 29 , 2023-08-11 09:24:47,676 , /cust.bit
DEBUG , 31 , 2023-08-11 09:24:47,676 , cust
DEBUG , 39 , 2023-08-11 09:24:47,724 , doFilter----/favicon.ico
DEBUG , 42 , 2023-08-11 09:24:47,724 , doFilter----/favicon.ico
DEBUG , 50 , 2023-08-11 09:24:47,725 , doFilter3----.ico
DEBUG , 39 , 2023-08-11 09:24:47,727 , doFilter----/main.bit
DEBUG , 42 , 2023-08-11 09:24:47,727 , doFilter----/main.bit
DEBUG , 50 , 2023-08-11 09:24:47,727 , doFilter3----.bit
DEBUG , 29 , 2023-08-11 09:24:47,727 , /main.bit
DEBUG , 31 , 2023-08-11 09:24:47,727 , main
DEBUG , 39 , 2023-08-11 09:24:47,961 , doFilter----/cust.bit
DEBUG , 42 , 2023-08-11 09:24:47,961 , doFilter----/cust.bit
DEBUG , 50 , 2023-08-11 09:24:47,961 , doFilter3----.bit
DEBUG , 29 , 2023-08-11 09:24:47,961 , /cust.bit
DEBUG , 31 , 2023-08-11 09:24:47,961 , cust
DEBUG , 39 , 2023-08-11 09:24:48,008 , doFilter----/favicon.ico
DEBUG , 42 , 2023-08-11 09:24:48,008 , doFilter----/favicon.ico
DEBUG , 50 , 2023-08-11 09:24:48,008 , doFilter3----.ico
DEBUG , 39 , 2023-08-11 09:24:48,009 , doFilter----/main.bit
DEBUG , 42 , 2023-08-11 09:24:48,010 , doFilter----/main.bit
DEBUG , 50 , 2023-08-11 09:24:48,010 , doFilter3----.bit
DEBUG , 29 , 2023-08-11 09:24:48,010 , /main.bit
DEBUG , 31 , 2023-08-11 09:24:48,010 , main
DEBUG , 39 , 2023-08-11 09:24:48,556 , doFilter----/cust.bit
DEBUG , 42 , 2023-08-11 09:24:48,556 , doFilter----/cust.bit
DEBUG , 50 , 2023-08-11 09:24:48,556 , doFilter3----.bit
DEBUG , 29 , 2023-08-11 09:24:48,556 , /cust.bit
DEBUG , 31 , 2023-08-11 09:24:48,557 , cust
DEBUG , 39 , 2023-08-11 09:24:48,607 , doFilter----/favicon.ico
DEBUG , 42 , 2023-08-11 09:24:48,607 , doFilter----/favicon.ico
DEBUG , 50 , 2023-08-11 09:24:48,607 , doFilter3----.ico
DEBUG , 39 , 2023-08-11 09:24:48,611 , doFilter----/main.bit
DEBUG , 42 , 2023-08-11 09:24:48,611 , doFilter----/main.bit
DEBUG , 50 , 2023-08-11 09:24:48,611 , doFilter3----.bit
DEBUG , 29 , 2023-08-11 09:24:48,611 , /main.bit
DEBUG , 31 , 2023-08-11 09:24:48,612 , main
DEBUG , 39 , 2023-08-11 09:24:48,839 , doFilter----/main.bit
DEBUG , 42 , 2023-08-11 09:24:48,840 , doFilter----/main.bit
DEBUG , 50 , 2023-08-11 09:24:48,840 , doFilter3----.bit
DEBUG , 29 , 2023-08-11 09:24:48,840 , /main.bit
DEBUG , 31 , 2023-08-11 09:24:48,840 , main
DEBUG , 39 , 2023-08-11 09:24:48,881 , doFilter----/favicon.ico
DEBUG , 42 , 2023-08-11 09:24:48,881 , doFilter----/favicon.ico
DEBUG , 50 , 2023-08-11 09:24:48,881 , doFilter3----.ico
DEBUG , 39 , 2023-08-11 09:24:48,882 , doFilter----/main.bit
DEBUG , 42 , 2023-08-11 09:24:48,882 , doFilter----/main.bit
DEBUG , 50 , 2023-08-11 09:24:48,882 , doFilter3----.bit
DEBUG , 29 , 2023-08-11 09:24:48,882 , /main.bit
DEBUG , 31 , 2023-08-11 09:24:48,882 , main
DEBUG , 39 , 2023-08-11 09:24:49,192 , doFilter----/cust.bit
DEBUG , 42 , 2023-08-11 09:24:49,193 , doFilter----/cust.bit
DEBUG , 50 , 2023-08-11 09:24:49,193 , doFilter3----.bit
DEBUG , 29 , 2023-08-11 09:24:49,193 , /cust.bit
DEBUG , 31 , 2023-08-11 09:24:49,193 , cust
DEBUG , 39 , 2023-08-11 09:24:49,234 , doFilter----/favicon.ico
DEBUG , 42 , 2023-08-11 09:24:49,234 , doFilter----/favicon.ico
DEBUG , 50 , 2023-08-11 09:24:49,234 , doFilter3----.ico
DEBUG , 39 , 2023-08-11 09:24:49,237 , doFilter----/main.bit
DEBUG , 42 , 2023-08-11 09:24:49,237 , doFilter----/main.bit
DEBUG , 50 , 2023-08-11 09:24:49,237 , doFilter3----.bit
DEBUG , 29 , 2023-08-11 09:24:49,237 , /main.bit
DEBUG , 31 , 2023-08-11 09:24:49,237 , main
DEBUG , 39 , 2023-08-11 09:24:49,488 , doFilter----/cust.bit
DEBUG , 42 , 2023-08-11 09:24:49,489 , doFilter----/cust.bit
DEBUG , 50 , 2023-08-11 09:24:49,489 , doFilter3----.bit
DEBUG , 29 , 2023-08-11 09:24:49,489 , /cust.bit
DEBUG , 31 , 2023-08-11 09:24:49,489 , cust
DEBUG , 39 , 2023-08-11 09:24:49,530 , doFilter----/favicon.ico
DEBUG , 42 , 2023-08-11 09:24:49,531 , doFilter----/favicon.ico
DEBUG , 50 , 2023-08-11 09:24:49,531 , doFilter3----.ico
DEBUG , 39 , 2023-08-11 09:24:49,532 , doFilter----/main.bit
DEBUG , 42 , 2023-08-11 09:24:49,532 , doFilter----/main.bit
DEBUG , 50 , 2023-08-11 09:24:49,533 , doFilter3----.bit
DEBUG , 29 , 2023-08-11 09:24:49,533 , /main.bit
DEBUG , 31 , 2023-08-11 09:24:49,533 , main
DEBUG , 39 , 2023-08-11 09:26:05,347 , doFilter----/cust.bit
DEBUG , 42 , 2023-08-11 09:26:05,348 , doFilter----/cust.bit
DEBUG , 50 , 2023-08-11 09:26:05,348 , doFilter3----.bit
DEBUG , 29 , 2023-08-11 09:26:05,348 , /cust.bit
DEBUG , 31 , 2023-08-11 09:26:05,348 , cust
DEBUG , 39 , 2023-08-11 09:26:05,405 , doFilter----/favicon.ico
DEBUG , 42 , 2023-08-11 09:26:05,405 , doFilter----/favicon.ico
DEBUG , 50 , 2023-08-11 09:26:05,405 , doFilter3----.ico
DEBUG , 39 , 2023-08-11 09:26:05,408 , doFilter----/main.bit
DEBUG , 42 , 2023-08-11 09:26:05,408 , doFilter----/main.bit
DEBUG , 50 , 2023-08-11 09:26:05,408 , doFilter3----.bit
DEBUG , 29 , 2023-08-11 09:26:05,408 , /main.bit
DEBUG , 31 , 2023-08-11 09:26:05,408 , main
DEBUG , 39 , 2023-08-11 09:26:05,931 , doFilter----/cust.bit
DEBUG , 42 , 2023-08-11 09:26:05,932 , doFilter----/cust.bit
DEBUG , 50 , 2023-08-11 09:26:05,932 , doFilter3----.bit
DEBUG , 29 , 2023-08-11 09:26:05,932 , /cust.bit
DEBUG , 31 , 2023-08-11 09:26:05,932 , cust
DEBUG , 39 , 2023-08-11 09:26:05,985 , doFilter----/favicon.ico
DEBUG , 42 , 2023-08-11 09:26:05,985 , doFilter----/favicon.ico
DEBUG , 50 , 2023-08-11 09:26:05,985 , doFilter3----.ico
DEBUG , 39 , 2023-08-11 09:26:05,986 , doFilter----/main.bit
DEBUG , 42 , 2023-08-11 09:26:05,986 , doFilter----/main.bit
DEBUG , 50 , 2023-08-11 09:26:05,986 , doFilter3----.bit
DEBUG , 29 , 2023-08-11 09:26:05,987 , /main.bit
DEBUG , 31 , 2023-08-11 09:26:05,987 , main
DEBUG , 39 , 2023-08-11 09:26:06,398 , doFilter----/main.bit
DEBUG , 42 , 2023-08-11 09:26:06,399 , doFilter----/main.bit
DEBUG , 50 , 2023-08-11 09:26:06,399 , doFilter3----.bit
DEBUG , 29 , 2023-08-11 09:26:06,399 , /main.bit
DEBUG , 31 , 2023-08-11 09:26:06,399 , main
DEBUG , 39 , 2023-08-11 09:26:06,450 , doFilter----/favicon.ico
DEBUG , 42 , 2023-08-11 09:26:06,451 , doFilter----/favicon.ico
DEBUG , 50 , 2023-08-11 09:26:06,451 , doFilter3----.ico
DEBUG , 39 , 2023-08-11 09:26:06,453 , doFilter----/main.bit
DEBUG , 42 , 2023-08-11 09:26:06,453 , doFilter----/main.bit
DEBUG , 50 , 2023-08-11 09:26:06,453 , doFilter3----.bit
DEBUG , 29 , 2023-08-11 09:26:06,453 , /main.bit
DEBUG , 31 , 2023-08-11 09:26:06,453 , main
DEBUG , 39 , 2023-08-11 09:26:06,831 , doFilter----/cust.bit
DEBUG , 42 , 2023-08-11 09:26:06,831 , doFilter----/cust.bit
DEBUG , 50 , 2023-08-11 09:26:06,831 , doFilter3----.bit
DEBUG , 29 , 2023-08-11 09:26:06,831 , /cust.bit
DEBUG , 31 , 2023-08-11 09:26:06,832 , cust
DEBUG , 39 , 2023-08-11 09:26:06,878 , doFilter----/favicon.ico
DEBUG , 42 , 2023-08-11 09:26:06,878 , doFilter----/favicon.ico
DEBUG , 50 , 2023-08-11 09:26:06,878 , doFilter3----.ico
DEBUG , 39 , 2023-08-11 09:26:06,882 , doFilter----/main.bit
DEBUG , 42 , 2023-08-11 09:26:06,882 , doFilter----/main.bit
DEBUG , 50 , 2023-08-11 09:26:06,882 , doFilter3----.bit
DEBUG , 29 , 2023-08-11 09:26:06,883 , /main.bit
DEBUG , 31 , 2023-08-11 09:26:06,883 , main
DEBUG , 39 , 2023-08-11 09:26:07,511 , doFilter----/cust.bit
DEBUG , 42 , 2023-08-11 09:26:07,512 , doFilter----/cust.bit
DEBUG , 50 , 2023-08-11 09:26:07,512 , doFilter3----.bit
DEBUG , 29 , 2023-08-11 09:26:07,512 , /cust.bit
DEBUG , 31 , 2023-08-11 09:26:07,512 , cust
DEBUG , 39 , 2023-08-11 09:26:07,558 , doFilter----/favicon.ico
DEBUG , 42 , 2023-08-11 09:26:07,559 , doFilter----/favicon.ico
DEBUG , 50 , 2023-08-11 09:26:07,559 , doFilter3----.ico
DEBUG , 39 , 2023-08-11 09:26:07,560 , doFilter----/main.bit
DEBUG , 42 , 2023-08-11 09:26:07,561 , doFilter----/main.bit
DEBUG , 50 , 2023-08-11 09:26:07,561 , doFilter3----.bit
DEBUG , 29 , 2023-08-11 09:26:07,561 , /main.bit
DEBUG , 31 , 2023-08-11 09:26:07,561 , main
DEBUG , 39 , 2023-08-11 09:26:07,881 , doFilter----/main.bit
DEBUG , 42 , 2023-08-11 09:26:07,881 , doFilter----/main.bit
DEBUG , 50 , 2023-08-11 09:26:07,881 , doFilter3----.bit
DEBUG , 29 , 2023-08-11 09:26:07,882 , /main.bit
DEBUG , 31 , 2023-08-11 09:26:07,882 , main
DEBUG , 39 , 2023-08-11 09:26:07,927 , doFilter----/favicon.ico
DEBUG , 42 , 2023-08-11 09:26:07,927 , doFilter----/favicon.ico
DEBUG , 50 , 2023-08-11 09:26:07,927 , doFilter3----.ico
DEBUG , 39 , 2023-08-11 09:26:07,931 , doFilter----/main.bit
DEBUG , 42 , 2023-08-11 09:26:07,932 , doFilter----/main.bit
DEBUG , 50 , 2023-08-11 09:26:07,932 , doFilter3----.bit
DEBUG , 29 , 2023-08-11 09:26:07,932 , /main.bit
DEBUG , 31 , 2023-08-11 09:26:07,932 , main
DEBUG , 39 , 2023-08-11 09:26:08,565 , doFilter----/cust.bit
DEBUG , 42 , 2023-08-11 09:26:08,566 , doFilter----/cust.bit
DEBUG , 50 , 2023-08-11 09:26:08,567 , doFilter3----.bit
DEBUG , 29 , 2023-08-11 09:26:08,567 , /cust.bit
DEBUG , 31 , 2023-08-11 09:26:08,567 , cust
DEBUG , 39 , 2023-08-11 09:26:08,610 , doFilter----/favicon.ico
DEBUG , 42 , 2023-08-11 09:26:08,611 , doFilter----/favicon.ico
DEBUG , 50 , 2023-08-11 09:26:08,611 , doFilter3----.ico
DEBUG , 39 , 2023-08-11 09:26:08,616 , doFilter----/main.bit
DEBUG , 42 , 2023-08-11 09:26:08,616 , doFilter----/main.bit
DEBUG , 50 , 2023-08-11 09:26:08,616 , doFilter3----.bit
DEBUG , 29 , 2023-08-11 09:26:08,616 , /main.bit
DEBUG , 31 , 2023-08-11 09:26:08,616 , main
DEBUG , 39 , 2023-08-11 09:26:08,871 , doFilter----/cust.bit
DEBUG , 42 , 2023-08-11 09:26:08,871 , doFilter----/cust.bit
DEBUG , 50 , 2023-08-11 09:26:08,871 , doFilter3----.bit
DEBUG , 29 , 2023-08-11 09:26:08,871 , /cust.bit
DEBUG , 31 , 2023-08-11 09:26:08,871 , cust
DEBUG , 39 , 2023-08-11 09:26:08,905 , doFilter----/favicon.ico
DEBUG , 42 , 2023-08-11 09:26:08,905 , doFilter----/favicon.ico
DEBUG , 50 , 2023-08-11 09:26:08,905 , doFilter3----.ico
DEBUG , 39 , 2023-08-11 09:26:08,907 , doFilter----/main.bit
DEBUG , 42 , 2023-08-11 09:26:08,907 , doFilter----/main.bit
DEBUG , 50 , 2023-08-11 09:26:08,907 , doFilter3----.bit
DEBUG , 29 , 2023-08-11 09:26:08,907 , /main.bit
DEBUG , 31 , 2023-08-11 09:26:08,907 , main
DEBUG , 39 , 2023-08-11 09:26:09,230 , doFilter----/cust.bit
DEBUG , 42 , 2023-08-11 09:26:09,230 , doFilter----/cust.bit
DEBUG , 50 , 2023-08-11 09:26:09,230 , doFilter3----.bit
DEBUG , 29 , 2023-08-11 09:26:09,230 , /cust.bit
DEBUG , 31 , 2023-08-11 09:26:09,230 , cust
DEBUG , 39 , 2023-08-11 09:26:09,277 , doFilter----/favicon.ico
DEBUG , 42 , 2023-08-11 09:26:09,277 , doFilter----/favicon.ico
DEBUG , 50 , 2023-08-11 09:26:09,277 , doFilter3----.ico
DEBUG , 39 , 2023-08-11 09:26:09,282 , doFilter----/main.bit
DEBUG , 42 , 2023-08-11 09:26:09,282 , doFilter----/main.bit
DEBUG , 50 , 2023-08-11 09:26:09,282 , doFilter3----.bit
DEBUG , 29 , 2023-08-11 09:26:09,282 , /main.bit
DEBUG , 31 , 2023-08-11 09:26:09,283 , main
DEBUG , 39 , 2023-08-11 09:26:09,895 , doFilter----/cust.bit
DEBUG , 42 , 2023-08-11 09:26:09,896 , doFilter----/cust.bit
DEBUG , 50 , 2023-08-11 09:26:09,896 , doFilter3----.bit
DEBUG , 29 , 2023-08-11 09:26:09,896 , /cust.bit
DEBUG , 31 , 2023-08-11 09:26:09,896 , cust
DEBUG , 39 , 2023-08-11 09:26:09,943 , doFilter----/favicon.ico
DEBUG , 42 , 2023-08-11 09:26:09,943 , doFilter----/favicon.ico
DEBUG , 50 , 2023-08-11 09:26:09,944 , doFilter3----.ico
DEBUG , 39 , 2023-08-11 09:26:09,951 , doFilter----/main.bit
DEBUG , 42 , 2023-08-11 09:26:09,951 , doFilter----/main.bit
DEBUG , 50 , 2023-08-11 09:26:09,951 , doFilter3----.bit
DEBUG , 29 , 2023-08-11 09:26:09,951 , /main.bit
DEBUG , 31 , 2023-08-11 09:26:09,951 , main
DEBUG , 39 , 2023-08-11 09:26:10,226 , doFilter----/cust.bit
DEBUG , 42 , 2023-08-11 09:26:10,227 , doFilter----/cust.bit
DEBUG , 50 , 2023-08-11 09:26:10,227 , doFilter3----.bit
DEBUG , 29 , 2023-08-11 09:26:10,227 , /cust.bit
DEBUG , 31 , 2023-08-11 09:26:10,227 , cust
DEBUG , 39 , 2023-08-11 09:26:10,271 , doFilter----/favicon.ico
DEBUG , 42 , 2023-08-11 09:26:10,271 , doFilter----/favicon.ico
DEBUG , 50 , 2023-08-11 09:26:10,271 , doFilter3----.ico
DEBUG , 39 , 2023-08-11 09:26:10,273 , doFilter----/main.bit
DEBUG , 42 , 2023-08-11 09:26:10,273 , doFilter----/main.bit
DEBUG , 50 , 2023-08-11 09:26:10,273 , doFilter3----.bit
DEBUG , 29 , 2023-08-11 09:26:10,274 , /main.bit
DEBUG , 31 , 2023-08-11 09:26:10,274 , main
DEBUG , 39 , 2023-08-11 09:26:10,512 , doFilter----/cust.bit
DEBUG , 42 , 2023-08-11 09:26:10,513 , doFilter----/cust.bit
DEBUG , 50 , 2023-08-11 09:26:10,513 , doFilter3----.bit
DEBUG , 29 , 2023-08-11 09:26:10,513 , /cust.bit
DEBUG , 31 , 2023-08-11 09:26:10,513 , cust
DEBUG , 39 , 2023-08-11 09:26:10,556 , doFilter----/favicon.ico
DEBUG , 42 , 2023-08-11 09:26:10,557 , doFilter----/favicon.ico
DEBUG , 50 , 2023-08-11 09:26:10,557 , doFilter3----.ico
DEBUG , 39 , 2023-08-11 09:26:10,560 , doFilter----/main.bit
DEBUG , 42 , 2023-08-11 09:26:10,560 , doFilter----/main.bit
DEBUG , 50 , 2023-08-11 09:26:10,560 , doFilter3----.bit
DEBUG , 29 , 2023-08-11 09:26:10,560 , /main.bit
DEBUG , 31 , 2023-08-11 09:26:10,560 , main
DEBUG , 39 , 2023-08-11 09:26:10,806 , doFilter----/main.bit
DEBUG , 42 , 2023-08-11 09:26:10,806 , doFilter----/main.bit
DEBUG , 50 , 2023-08-11 09:26:10,806 , doFilter3----.bit
DEBUG , 29 , 2023-08-11 09:26:10,806 , /main.bit
DEBUG , 31 , 2023-08-11 09:26:10,806 , main
DEBUG , 39 , 2023-08-11 09:26:10,843 , doFilter----/favicon.ico
DEBUG , 42 , 2023-08-11 09:26:10,844 , doFilter----/favicon.ico
DEBUG , 50 , 2023-08-11 09:26:10,844 , doFilter3----.ico
DEBUG , 39 , 2023-08-11 09:26:10,845 , doFilter----/main.bit
DEBUG , 42 , 2023-08-11 09:26:10,845 , doFilter----/main.bit
DEBUG , 50 , 2023-08-11 09:26:10,845 , doFilter3----.bit
DEBUG , 29 , 2023-08-11 09:26:10,845 , /main.bit
DEBUG , 31 , 2023-08-11 09:26:10,845 , main
DEBUG , 39 , 2023-08-11 09:26:11,160 , doFilter----/cust.bit
DEBUG , 42 , 2023-08-11 09:26:11,164 , doFilter----/cust.bit
DEBUG , 50 , 2023-08-11 09:26:11,164 , doFilter3----.bit
DEBUG , 29 , 2023-08-11 09:26:11,165 , /cust.bit
DEBUG , 31 , 2023-08-11 09:26:11,165 , cust
DEBUG , 39 , 2023-08-11 09:26:11,207 , doFilter----/favicon.ico
DEBUG , 42 , 2023-08-11 09:26:11,207 , doFilter----/favicon.ico
DEBUG , 50 , 2023-08-11 09:26:11,207 , doFilter3----.ico
DEBUG , 39 , 2023-08-11 09:26:11,209 , doFilter----/main.bit
DEBUG , 42 , 2023-08-11 09:26:11,209 , doFilter----/main.bit
DEBUG , 50 , 2023-08-11 09:26:11,209 , doFilter3----.bit
DEBUG , 29 , 2023-08-11 09:26:11,209 , /main.bit
DEBUG , 31 , 2023-08-11 09:26:11,209 , main
DEBUG , 39 , 2023-08-11 09:26:11,816 , doFilter----/cust.bit
DEBUG , 42 , 2023-08-11 09:26:11,816 , doFilter----/cust.bit
DEBUG , 50 , 2023-08-11 09:26:11,817 , doFilter3----.bit
DEBUG , 29 , 2023-08-11 09:26:11,817 , /cust.bit
DEBUG , 31 , 2023-08-11 09:26:11,817 , cust
DEBUG , 39 , 2023-08-11 09:26:11,866 , doFilter----/favicon.ico
DEBUG , 42 , 2023-08-11 09:26:11,866 , doFilter----/favicon.ico
DEBUG , 50 , 2023-08-11 09:26:11,867 , doFilter3----.ico
DEBUG , 39 , 2023-08-11 09:26:11,868 , doFilter----/main.bit
DEBUG , 42 , 2023-08-11 09:26:11,868 , doFilter----/main.bit
DEBUG , 50 , 2023-08-11 09:26:11,868 , doFilter3----.bit
DEBUG , 29 , 2023-08-11 09:26:11,869 , /main.bit
DEBUG , 31 , 2023-08-11 09:26:11,869 , main
DEBUG , 39 , 2023-08-11 09:26:12,107 , doFilter----/cust.bit
DEBUG , 42 , 2023-08-11 09:26:12,108 , doFilter----/cust.bit
DEBUG , 50 , 2023-08-11 09:26:12,108 , doFilter3----.bit
DEBUG , 29 , 2023-08-11 09:26:12,108 , /cust.bit
DEBUG , 31 , 2023-08-11 09:26:12,108 , cust
DEBUG , 39 , 2023-08-11 09:26:12,150 , doFilter----/favicon.ico
DEBUG , 42 , 2023-08-11 09:26:12,150 , doFilter----/favicon.ico
DEBUG , 50 , 2023-08-11 09:26:12,150 , doFilter3----.ico
DEBUG , 39 , 2023-08-11 09:26:12,153 , doFilter----/main.bit
DEBUG , 42 , 2023-08-11 09:26:12,154 , doFilter----/main.bit
DEBUG , 50 , 2023-08-11 09:26:12,154 , doFilter3----.bit
DEBUG , 29 , 2023-08-11 09:26:12,154 , /main.bit
DEBUG , 31 , 2023-08-11 09:26:12,154 , main
DEBUG , 39 , 2023-08-11 09:26:12,729 , doFilter----/cust.bit
DEBUG , 42 , 2023-08-11 09:26:12,731 , doFilter----/cust.bit
DEBUG , 50 , 2023-08-11 09:26:12,731 , doFilter3----.bit
DEBUG , 29 , 2023-08-11 09:26:12,731 , /cust.bit
DEBUG , 31 , 2023-08-11 09:26:12,731 , cust
DEBUG , 39 , 2023-08-11 09:26:12,773 , doFilter----/favicon.ico
DEBUG , 42 , 2023-08-11 09:26:12,773 , doFilter----/favicon.ico
DEBUG , 50 , 2023-08-11 09:26:12,773 , doFilter3----.ico
DEBUG , 39 , 2023-08-11 09:26:12,774 , doFilter----/main.bit
DEBUG , 42 , 2023-08-11 09:26:12,774 , doFilter----/main.bit
DEBUG , 50 , 2023-08-11 09:26:12,774 , doFilter3----.bit
DEBUG , 29 , 2023-08-11 09:26:12,775 , /main.bit
DEBUG , 31 , 2023-08-11 09:26:12,775 , main
DEBUG , 39 , 2023-08-11 09:26:13,009 , doFilter----/main.bit
DEBUG , 42 , 2023-08-11 09:26:13,010 , doFilter----/main.bit
DEBUG , 50 , 2023-08-11 09:26:13,010 , doFilter3----.bit
DEBUG , 29 , 2023-08-11 09:26:13,010 , /main.bit
DEBUG , 31 , 2023-08-11 09:26:13,010 , main
DEBUG , 39 , 2023-08-11 09:26:13,053 , doFilter----/favicon.ico
DEBUG , 42 , 2023-08-11 09:26:13,054 , doFilter----/favicon.ico
DEBUG , 50 , 2023-08-11 09:26:13,054 , doFilter3----.ico
DEBUG , 39 , 2023-08-11 09:26:13,057 , doFilter----/main.bit
DEBUG , 42 , 2023-08-11 09:26:13,057 , doFilter----/main.bit
DEBUG , 50 , 2023-08-11 09:26:13,057 , doFilter3----.bit
DEBUG , 29 , 2023-08-11 09:26:13,057 , /main.bit
DEBUG , 31 , 2023-08-11 09:26:13,057 , main
DEBUG , 39 , 2023-08-11 09:26:13,408 , doFilter----/cust.bit
DEBUG , 42 , 2023-08-11 09:26:13,409 , doFilter----/cust.bit
DEBUG , 50 , 2023-08-11 09:26:13,409 , doFilter3----.bit
DEBUG , 29 , 2023-08-11 09:26:13,409 , /cust.bit
DEBUG , 31 , 2023-08-11 09:26:13,409 , cust
DEBUG , 39 , 2023-08-11 09:26:13,452 , doFilter----/favicon.ico
DEBUG , 42 , 2023-08-11 09:26:13,452 , doFilter----/favicon.ico
DEBUG , 50 , 2023-08-11 09:26:13,452 , doFilter3----.ico
DEBUG , 39 , 2023-08-11 09:26:13,453 , doFilter----/main.bit
DEBUG , 42 , 2023-08-11 09:26:13,453 , doFilter----/main.bit
DEBUG , 50 , 2023-08-11 09:26:13,453 , doFilter3----.bit
DEBUG , 29 , 2023-08-11 09:26:13,453 , /main.bit
DEBUG , 31 , 2023-08-11 09:26:13,454 , main
DEBUG , 39 , 2023-08-11 09:26:13,901 , doFilter----/cust.bit
DEBUG , 42 , 2023-08-11 09:26:13,902 , doFilter----/cust.bit
DEBUG , 50 , 2023-08-11 09:26:13,902 , doFilter3----.bit
DEBUG , 29 , 2023-08-11 09:26:13,902 , /cust.bit
DEBUG , 31 , 2023-08-11 09:26:13,902 , cust
DEBUG , 39 , 2023-08-11 09:26:13,951 , doFilter----/favicon.ico
DEBUG , 42 , 2023-08-11 09:26:13,951 , doFilter----/favicon.ico
DEBUG , 50 , 2023-08-11 09:26:13,951 , doFilter3----.ico
DEBUG , 39 , 2023-08-11 09:26:13,952 , doFilter----/main.bit
DEBUG , 42 , 2023-08-11 09:26:13,953 , doFilter----/main.bit
DEBUG , 50 , 2023-08-11 09:26:13,953 , doFilter3----.bit
DEBUG , 29 , 2023-08-11 09:26:13,953 , /main.bit
DEBUG , 31 , 2023-08-11 09:26:13,953 , main
DEBUG , 39 , 2023-08-11 09:26:16,383 , doFilter----/cust.bit
DEBUG , 42 , 2023-08-11 09:26:16,383 , doFilter----/cust.bit
DEBUG , 50 , 2023-08-11 09:26:16,383 , doFilter3----.bit
DEBUG , 29 , 2023-08-11 09:26:16,384 , /cust.bit
DEBUG , 31 , 2023-08-11 09:26:16,384 , cust
DEBUG , 39 , 2023-08-11 09:26:16,436 , doFilter----/favicon.ico
DEBUG , 42 , 2023-08-11 09:26:16,437 , doFilter----/favicon.ico
DEBUG , 50 , 2023-08-11 09:26:16,437 , doFilter3----.ico
DEBUG , 39 , 2023-08-11 09:26:16,440 , doFilter----/main.bit
DEBUG , 42 , 2023-08-11 09:26:16,440 , doFilter----/main.bit
DEBUG , 50 , 2023-08-11 09:26:16,440 , doFilter3----.bit
DEBUG , 29 , 2023-08-11 09:26:16,440 , /main.bit
DEBUG , 31 , 2023-08-11 09:26:16,440 , main
DEBUG , 39 , 2023-08-11 09:26:16,999 , doFilter----/cust.bit
DEBUG , 42 , 2023-08-11 09:26:16,999 , doFilter----/cust.bit
DEBUG , 50 , 2023-08-11 09:26:17,000 , doFilter3----.bit
DEBUG , 29 , 2023-08-11 09:26:17,000 , /cust.bit
DEBUG , 31 , 2023-08-11 09:26:17,000 , cust
DEBUG , 39 , 2023-08-11 09:26:17,051 , doFilter----/favicon.ico
DEBUG , 42 , 2023-08-11 09:26:17,051 , doFilter----/favicon.ico
DEBUG , 50 , 2023-08-11 09:26:17,051 , doFilter3----.ico
DEBUG , 39 , 2023-08-11 09:26:17,054 , doFilter----/main.bit
DEBUG , 42 , 2023-08-11 09:26:17,055 , doFilter----/main.bit
DEBUG , 50 , 2023-08-11 09:26:17,055 , doFilter3----.bit
DEBUG , 29 , 2023-08-11 09:26:17,055 , /main.bit
DEBUG , 31 , 2023-08-11 09:26:17,055 , main
DEBUG , 39 , 2023-08-11 09:26:17,464 , doFilter----/cust.bit
DEBUG , 42 , 2023-08-11 09:26:17,465 , doFilter----/cust.bit
DEBUG , 50 , 2023-08-11 09:26:17,465 , doFilter3----.bit
DEBUG , 29 , 2023-08-11 09:26:17,465 , /cust.bit
DEBUG , 31 , 2023-08-11 09:26:17,465 , cust
DEBUG , 39 , 2023-08-11 09:26:17,508 , doFilter----/favicon.ico
DEBUG , 42 , 2023-08-11 09:26:17,508 , doFilter----/favicon.ico
DEBUG , 50 , 2023-08-11 09:26:17,508 , doFilter3----.ico
DEBUG , 39 , 2023-08-11 09:26:17,509 , doFilter----/main.bit
DEBUG , 42 , 2023-08-11 09:26:17,510 , doFilter----/main.bit
DEBUG , 50 , 2023-08-11 09:26:17,510 , doFilter3----.bit
DEBUG , 29 , 2023-08-11 09:26:17,510 , /main.bit
DEBUG , 31 , 2023-08-11 09:26:17,511 , main
DEBUG , 39 , 2023-08-11 09:26:17,844 , doFilter----/main.bit
DEBUG , 42 , 2023-08-11 09:26:17,844 , doFilter----/main.bit
DEBUG , 50 , 2023-08-11 09:26:17,844 , doFilter3----.bit
DEBUG , 29 , 2023-08-11 09:26:17,844 , /main.bit
DEBUG , 31 , 2023-08-11 09:26:17,844 , main
DEBUG , 39 , 2023-08-11 09:26:17,891 , doFilter----/favicon.ico
DEBUG , 42 , 2023-08-11 09:26:17,892 , doFilter----/favicon.ico
DEBUG , 50 , 2023-08-11 09:26:17,893 , doFilter3----.ico
DEBUG , 39 , 2023-08-11 09:26:17,899 , doFilter----/main.bit
DEBUG , 42 , 2023-08-11 09:26:17,901 , doFilter----/main.bit
DEBUG , 50 , 2023-08-11 09:26:17,902 , doFilter3----.bit
DEBUG , 29 , 2023-08-11 09:26:17,902 , /main.bit
DEBUG , 31 , 2023-08-11 09:26:17,902 , main
DEBUG , 39 , 2023-08-11 09:26:18,384 , doFilter----/cust.bit
DEBUG , 42 , 2023-08-11 09:26:18,384 , doFilter----/cust.bit
DEBUG , 50 , 2023-08-11 09:26:18,385 , doFilter3----.bit
DEBUG , 29 , 2023-08-11 09:26:18,385 , /cust.bit
DEBUG , 31 , 2023-08-11 09:26:18,385 , cust
DEBUG , 39 , 2023-08-11 09:26:18,434 , doFilter----/favicon.ico
DEBUG , 42 , 2023-08-11 09:26:18,434 , doFilter----/favicon.ico
DEBUG , 50 , 2023-08-11 09:26:18,434 , doFilter3----.ico
DEBUG , 39 , 2023-08-11 09:26:18,436 , doFilter----/main.bit
DEBUG , 42 , 2023-08-11 09:26:18,436 , doFilter----/main.bit
DEBUG , 50 , 2023-08-11 09:26:18,436 , doFilter3----.bit
DEBUG , 29 , 2023-08-11 09:26:18,436 , /main.bit
DEBUG , 31 , 2023-08-11 09:26:18,436 , main
DEBUG , 39 , 2023-08-11 09:26:19,066 , doFilter----/cust.bit
DEBUG , 42 , 2023-08-11 09:26:19,067 , doFilter----/cust.bit
DEBUG , 50 , 2023-08-11 09:26:19,067 , doFilter3----.bit
DEBUG , 29 , 2023-08-11 09:26:19,067 , /cust.bit
DEBUG , 31 , 2023-08-11 09:26:19,067 , cust
DEBUG , 39 , 2023-08-11 09:26:19,111 , doFilter----/favicon.ico
DEBUG , 42 , 2023-08-11 09:26:19,113 , doFilter----/favicon.ico
DEBUG , 50 , 2023-08-11 09:26:19,114 , doFilter3----.ico
DEBUG , 39 , 2023-08-11 09:26:19,115 , doFilter----/main.bit
DEBUG , 42 , 2023-08-11 09:26:19,115 , doFilter----/main.bit
DEBUG , 50 , 2023-08-11 09:26:19,116 , doFilter3----.bit
DEBUG , 29 , 2023-08-11 09:26:19,116 , /main.bit
DEBUG , 31 , 2023-08-11 09:26:19,116 , main
DEBUG , 39 , 2023-08-11 09:26:47,218 , doFilter----/
DEBUG , 42 , 2023-08-11 09:26:47,219 , doFilter----/
DEBUG , 39 , 2023-08-11 09:26:47,223 , doFilter----/main.bit
DEBUG , 42 , 2023-08-11 09:26:47,223 , doFilter----/main.bit
DEBUG , 50 , 2023-08-11 09:26:47,223 , doFilter3----.bit
DEBUG , 29 , 2023-08-11 09:26:47,223 , /main.bit
DEBUG , 31 , 2023-08-11 09:26:47,224 , main
DEBUG , 39 , 2023-08-11 09:26:47,289 , doFilter----/favicon.ico
DEBUG , 42 , 2023-08-11 09:26:47,289 , doFilter----/favicon.ico
DEBUG , 50 , 2023-08-11 09:26:47,289 , doFilter3----.ico
DEBUG , 39 , 2023-08-11 09:26:47,291 , doFilter----/main.bit
DEBUG , 42 , 2023-08-11 09:26:47,292 , doFilter----/main.bit
DEBUG , 50 , 2023-08-11 09:26:47,292 , doFilter3----.bit
DEBUG , 29 , 2023-08-11 09:26:47,292 , /main.bit
DEBUG , 31 , 2023-08-11 09:26:47,292 , main
DEBUG , 39 , 2023-08-11 09:26:51,518 , doFilter----/main.bit
DEBUG , 42 , 2023-08-11 09:26:51,519 , doFilter----/main.bit
DEBUG , 50 , 2023-08-11 09:26:51,520 , doFilter3----.bit
DEBUG , 29 , 2023-08-11 09:26:51,520 , /main.bit
DEBUG , 31 , 2023-08-11 09:26:51,520 , main
DEBUG , 39 , 2023-08-11 09:26:51,640 , doFilter----/favicon.ico
DEBUG , 42 , 2023-08-11 09:26:51,640 , doFilter----/favicon.ico
DEBUG , 50 , 2023-08-11 09:26:51,640 , doFilter3----.ico
DEBUG , 39 , 2023-08-11 09:26:51,641 , doFilter----/main.bit
DEBUG , 42 , 2023-08-11 09:26:51,641 , doFilter----/main.bit
DEBUG , 50 , 2023-08-11 09:26:51,641 , doFilter3----.bit
DEBUG , 29 , 2023-08-11 09:26:51,641 , /main.bit
DEBUG , 31 , 2023-08-11 09:26:51,641 , main
DEBUG , 39 , 2023-08-11 09:26:52,599 , doFilter----/main.bit
DEBUG , 42 , 2023-08-11 09:26:52,600 , doFilter----/main.bit
DEBUG , 50 , 2023-08-11 09:26:52,600 , doFilter3----.bit
DEBUG , 29 , 2023-08-11 09:26:52,600 , /main.bit
DEBUG , 31 , 2023-08-11 09:26:52,600 , main
DEBUG , 39 , 2023-08-11 09:26:52,652 , doFilter----/favicon.ico
DEBUG , 42 , 2023-08-11 09:26:52,652 , doFilter----/favicon.ico
DEBUG , 50 , 2023-08-11 09:26:52,653 , doFilter3----.ico
DEBUG , 39 , 2023-08-11 09:26:52,655 , doFilter----/main.bit
DEBUG , 42 , 2023-08-11 09:26:52,655 , doFilter----/main.bit
DEBUG , 50 , 2023-08-11 09:26:52,655 , doFilter3----.bit
DEBUG , 29 , 2023-08-11 09:26:52,655 , /main.bit
DEBUG , 31 , 2023-08-11 09:26:52,655 , main
DEBUG , 39 , 2023-08-11 09:26:53,180 , doFilter----/main.bit
DEBUG , 42 , 2023-08-11 09:26:53,182 , doFilter----/main.bit
DEBUG , 50 , 2023-08-11 09:26:53,183 , doFilter3----.bit
DEBUG , 29 , 2023-08-11 09:26:53,183 , /main.bit
DEBUG , 31 , 2023-08-11 09:26:53,183 , main
DEBUG , 39 , 2023-08-11 09:26:53,232 , doFilter----/favicon.ico
DEBUG , 42 , 2023-08-11 09:26:53,232 , doFilter----/favicon.ico
DEBUG , 50 , 2023-08-11 09:26:53,233 , doFilter3----.ico
DEBUG , 39 , 2023-08-11 09:26:53,235 , doFilter----/main.bit
DEBUG , 42 , 2023-08-11 09:26:53,236 , doFilter----/main.bit
DEBUG , 50 , 2023-08-11 09:26:53,236 , doFilter3----.bit
DEBUG , 29 , 2023-08-11 09:26:53,236 , /main.bit
DEBUG , 31 , 2023-08-11 09:26:53,236 , main
DEBUG , 39 , 2023-08-11 09:26:53,598 , doFilter----/main.bit
DEBUG , 42 , 2023-08-11 09:26:53,598 , doFilter----/main.bit
DEBUG , 50 , 2023-08-11 09:26:53,598 , doFilter3----.bit
DEBUG , 29 , 2023-08-11 09:26:53,598 , /main.bit
DEBUG , 31 , 2023-08-11 09:26:53,598 , main
DEBUG , 39 , 2023-08-11 09:26:53,640 , doFilter----/favicon.ico
DEBUG , 42 , 2023-08-11 09:26:53,640 , doFilter----/favicon.ico
DEBUG , 50 , 2023-08-11 09:26:53,640 , doFilter3----.ico
DEBUG , 39 , 2023-08-11 09:26:53,641 , doFilter----/main.bit
DEBUG , 42 , 2023-08-11 09:26:53,642 , doFilter----/main.bit
DEBUG , 50 , 2023-08-11 09:26:53,642 , doFilter3----.bit
DEBUG , 29 , 2023-08-11 09:26:53,642 , /main.bit
DEBUG , 31 , 2023-08-11 09:26:53,648 , main
DEBUG , 39 , 2023-08-11 09:26:53,908 , doFilter----/main.bit
DEBUG , 42 , 2023-08-11 09:26:53,908 , doFilter----/main.bit
DEBUG , 50 , 2023-08-11 09:26:53,908 , doFilter3----.bit
DEBUG , 29 , 2023-08-11 09:26:53,908 , /main.bit
DEBUG , 31 , 2023-08-11 09:26:53,908 , main
DEBUG , 39 , 2023-08-11 09:26:53,955 , doFilter----/favicon.ico
DEBUG , 42 , 2023-08-11 09:26:53,955 , doFilter----/favicon.ico
DEBUG , 50 , 2023-08-11 09:26:53,955 , doFilter3----.ico
DEBUG , 39 , 2023-08-11 09:26:53,956 , doFilter----/main.bit
DEBUG , 42 , 2023-08-11 09:26:53,956 , doFilter----/main.bit
DEBUG , 50 , 2023-08-11 09:26:53,956 , doFilter3----.bit
DEBUG , 29 , 2023-08-11 09:26:53,956 , /main.bit
DEBUG , 31 , 2023-08-11 09:26:53,956 , main
DEBUG , 39 , 2023-08-11 09:26:54,171 , doFilter----/main.bit
DEBUG , 42 , 2023-08-11 09:26:54,171 , doFilter----/main.bit
DEBUG , 50 , 2023-08-11 09:26:54,171 , doFilter3----.bit
DEBUG , 29 , 2023-08-11 09:26:54,171 , /main.bit
DEBUG , 31 , 2023-08-11 09:26:54,171 , main
DEBUG , 39 , 2023-08-11 09:26:54,207 , doFilter----/favicon.ico
DEBUG , 42 , 2023-08-11 09:26:54,208 , doFilter----/favicon.ico
DEBUG , 50 , 2023-08-11 09:26:54,208 , doFilter3----.ico
DEBUG , 39 , 2023-08-11 09:26:54,211 , doFilter----/main.bit
DEBUG , 42 , 2023-08-11 09:26:54,211 , doFilter----/main.bit
DEBUG , 50 , 2023-08-11 09:26:54,211 , doFilter3----.bit
DEBUG , 29 , 2023-08-11 09:26:54,211 , /main.bit
DEBUG , 31 , 2023-08-11 09:26:54,211 , main
DEBUG , 39 , 2023-08-11 09:26:55,030 , doFilter----/cust.bit
DEBUG , 42 , 2023-08-11 09:26:55,031 , doFilter----/cust.bit
DEBUG , 50 , 2023-08-11 09:26:55,031 , doFilter3----.bit
DEBUG , 29 , 2023-08-11 09:26:55,032 , /cust.bit
DEBUG , 31 , 2023-08-11 09:26:55,032 , cust
DEBUG , 39 , 2023-08-11 09:26:55,084 , doFilter----/favicon.ico
DEBUG , 42 , 2023-08-11 09:26:55,084 , doFilter----/favicon.ico
DEBUG , 50 , 2023-08-11 09:26:55,084 , doFilter3----.ico
DEBUG , 39 , 2023-08-11 09:26:55,086 , doFilter----/main.bit
DEBUG , 42 , 2023-08-11 09:26:55,086 , doFilter----/main.bit
DEBUG , 50 , 2023-08-11 09:26:55,086 , doFilter3----.bit
DEBUG , 29 , 2023-08-11 09:26:55,086 , /main.bit
DEBUG , 31 , 2023-08-11 09:26:55,086 , main
DEBUG , 39 , 2023-08-11 09:26:55,374 , doFilter----/cust.bit
DEBUG , 42 , 2023-08-11 09:26:55,374 , doFilter----/cust.bit
DEBUG , 50 , 2023-08-11 09:26:55,374 , doFilter3----.bit
DEBUG , 29 , 2023-08-11 09:26:55,374 , /cust.bit
DEBUG , 31 , 2023-08-11 09:26:55,374 , cust
DEBUG , 39 , 2023-08-11 09:26:55,417 , doFilter----/favicon.ico
DEBUG , 42 , 2023-08-11 09:26:55,417 , doFilter----/favicon.ico
DEBUG , 50 , 2023-08-11 09:26:55,417 , doFilter3----.ico
DEBUG , 39 , 2023-08-11 09:26:55,419 , doFilter----/main.bit
DEBUG , 42 , 2023-08-11 09:26:55,419 , doFilter----/main.bit
DEBUG , 50 , 2023-08-11 09:26:55,420 , doFilter3----.bit
DEBUG , 29 , 2023-08-11 09:26:55,420 , /main.bit
DEBUG , 31 , 2023-08-11 09:26:55,420 , main
DEBUG , 39 , 2023-08-11 09:26:56,182 , doFilter----/main.bit
DEBUG , 42 , 2023-08-11 09:26:56,182 , doFilter----/main.bit
DEBUG , 50 , 2023-08-11 09:26:56,182 , doFilter3----.bit
DEBUG , 29 , 2023-08-11 09:26:56,182 , /main.bit
DEBUG , 31 , 2023-08-11 09:26:56,183 , main
DEBUG , 39 , 2023-08-11 09:26:56,233 , doFilter----/favicon.ico
DEBUG , 42 , 2023-08-11 09:26:56,234 , doFilter----/favicon.ico
DEBUG , 50 , 2023-08-11 09:26:56,235 , doFilter3----.ico
DEBUG , 39 , 2023-08-11 09:26:56,238 , doFilter----/main.bit
DEBUG , 42 , 2023-08-11 09:26:56,238 , doFilter----/main.bit
DEBUG , 50 , 2023-08-11 09:26:56,239 , doFilter3----.bit
DEBUG , 29 , 2023-08-11 09:26:56,239 , /main.bit
DEBUG , 31 , 2023-08-11 09:26:56,239 , main
DEBUG , 25 , 2023-08-11 09:32:32,543 , Log4J Logging started: /Users/chaeminlee/Documents/LotteBitWorkspace/bit2023/mybatis1/target/mybatis1-1.0-SNAPSHOT/WEB-INF/log4j.properties
DEBUG , 39 , 2023-08-11 09:32:33,091 , doFilter----/
DEBUG , 42 , 2023-08-11 09:32:33,092 , doFilter----/
DEBUG , 39 , 2023-08-11 09:32:33,095 , doFilter----/main.bit
DEBUG , 42 , 2023-08-11 09:32:33,095 , doFilter----/main.bit
DEBUG , 51 , 2023-08-11 09:32:33,095 , doFilter3----.bit
DEBUG , 28 , 2023-08-11 09:32:33,095 , /main.bit
DEBUG , 30 , 2023-08-11 09:32:34,735 , main
DEBUG , 39 , 2023-08-11 09:32:35,048 , doFilter----/
DEBUG , 42 , 2023-08-11 09:32:35,048 , doFilter----/
DEBUG , 39 , 2023-08-11 09:32:35,056 , doFilter----/main.bit
DEBUG , 42 , 2023-08-11 09:32:35,056 , doFilter----/main.bit
DEBUG , 51 , 2023-08-11 09:32:35,056 , doFilter3----.bit
DEBUG , 28 , 2023-08-11 09:32:35,056 , /main.bit
DEBUG , 30 , 2023-08-11 09:32:35,406 , main
DEBUG , 39 , 2023-08-11 09:32:36,353 , doFilter----/
DEBUG , 42 , 2023-08-11 09:32:36,353 , doFilter----/
DEBUG , 39 , 2023-08-11 09:32:36,354 , doFilter----/main.bit
DEBUG , 42 , 2023-08-11 09:32:36,354 , doFilter----/main.bit
DEBUG , 51 , 2023-08-11 09:32:36,354 , doFilter3----.bit
DEBUG , 28 , 2023-08-11 09:32:36,354 , /main.bit
DEBUG , 30 , 2023-08-11 09:32:48,126 , main
DEBUG , 39 , 2023-08-11 09:33:00,443 , doFilter----/favicon.ico
DEBUG , 42 , 2023-08-11 09:33:00,443 , doFilter----/favicon.ico
DEBUG , 51 , 2023-08-11 09:33:00,444 , doFilter3----.ico
DEBUG , 39 , 2023-08-11 09:33:00,443 , doFilter----/main.bit
DEBUG , 42 , 2023-08-11 09:33:03,923 , doFilter----/main.bit
DEBUG , 51 , 2023-08-11 09:33:03,923 , doFilter3----.bit
DEBUG , 28 , 2023-08-11 09:33:03,924 , /main.bit
DEBUG , 30 , 2023-08-11 09:33:03,924 , main
DEBUG , 39 , 2023-08-11 09:33:06,359 , doFilter----/main.bit
DEBUG , 39 , 2023-08-11 09:33:06,359 , doFilter----/favicon.ico
DEBUG , 42 , 2023-08-11 09:33:06,360 , doFilter----/favicon.ico
DEBUG , 51 , 2023-08-11 09:33:06,360 , doFilter3----.ico
DEBUG , 42 , 2023-08-11 09:33:06,359 , doFilter----/main.bit
DEBUG , 51 , 2023-08-11 09:33:06,360 , doFilter3----.bit
DEBUG , 28 , 2023-08-11 09:33:06,360 , /main.bit
DEBUG , 30 , 2023-08-11 09:33:10,157 , main
DEBUG , 39 , 2023-08-11 09:33:11,097 , doFilter----/main.bit
DEBUG , 39 , 2023-08-11 09:33:11,098 , doFilter----/
DEBUG , 42 , 2023-08-11 09:33:11,098 , doFilter----/
DEBUG , 42 , 2023-08-11 09:33:11,098 , doFilter----/main.bit
DEBUG , 51 , 2023-08-11 09:33:11,098 , doFilter3----.bit
DEBUG , 28 , 2023-08-11 09:33:11,098 , /main.bit
DEBUG , 30 , 2023-08-11 09:33:11,098 , main
DEBUG , 39 , 2023-08-11 09:33:11,919 , doFilter----/main.bit
DEBUG , 42 , 2023-08-11 09:33:11,919 , doFilter----/main.bit
DEBUG , 51 , 2023-08-11 09:33:11,919 , doFilter3----.bit
DEBUG , 28 , 2023-08-11 09:33:11,919 , /main.bit
DEBUG , 30 , 2023-08-11 09:33:12,334 , main
DEBUG , 39 , 2023-08-11 09:33:12,643 , doFilter----/favicon.ico
DEBUG , 42 , 2023-08-11 09:33:12,643 , doFilter----/favicon.ico
DEBUG , 51 , 2023-08-11 09:33:12,643 , doFilter3----.ico
DEBUG , 39 , 2023-08-11 09:33:12,645 , doFilter----/main.bit
DEBUG , 42 , 2023-08-11 09:33:12,645 , doFilter----/main.bit
DEBUG , 51 , 2023-08-11 09:33:12,645 , doFilter3----.bit
DEBUG , 28 , 2023-08-11 09:33:12,645 , /main.bit
DEBUG , 30 , 2023-08-11 09:33:13,043 , main
DEBUG , 39 , 2023-08-11 09:33:26,799 , doFilter----/main.bit
DEBUG , 42 , 2023-08-11 09:33:26,800 , doFilter----/main.bit
DEBUG , 51 , 2023-08-11 09:33:26,800 , doFilter3----.bit
DEBUG , 28 , 2023-08-11 09:33:26,800 , /main.bit
DEBUG , 30 , 2023-08-11 09:33:28,343 , main
DEBUG , 39 , 2023-08-11 09:33:47,043 , doFilter----/favicon.ico
DEBUG , 42 , 2023-08-11 09:33:47,043 , doFilter----/favicon.ico
DEBUG , 51 , 2023-08-11 09:33:47,043 , doFilter3----.ico
DEBUG , 39 , 2023-08-11 09:33:47,045 , doFilter----/main.bit
DEBUG , 42 , 2023-08-11 09:33:47,045 , doFilter----/main.bit
DEBUG , 51 , 2023-08-11 09:33:47,045 , doFilter3----.bit
DEBUG , 28 , 2023-08-11 09:33:47,045 , /main.bit
DEBUG , 30 , 2023-08-11 09:33:48,073 , main
